[0.027s] Invoking command in '/home/alvaro/Documents/GitHub/IR2117/tb3_ws/build/obstacles': CMAKE_PREFIX_PATH=${CMAKE_PREFIX_PATH}:/opt/ros/foxy /usr/bin/cmake --build /home/alvaro/Documents/GitHub/IR2117/tb3_ws/build/obstacles -- -j8 -l8
[0.093s] [100%] Built target detector
[0.106s] Invoked command in '/home/alvaro/Documents/GitHub/IR2117/tb3_ws/build/obstacles' returned '0': CMAKE_PREFIX_PATH=${CMAKE_PREFIX_PATH}:/opt/ros/foxy /usr/bin/cmake --build /home/alvaro/Documents/GitHub/IR2117/tb3_ws/build/obstacles -- -j8 -l8
[0.150s] Invoking command in '/home/alvaro/Documents/GitHub/IR2117/tb3_ws/build/obstacles': CMAKE_PREFIX_PATH=${CMAKE_PREFIX_PATH}:/opt/ros/foxy /usr/bin/cmake --install /home/alvaro/Documents/GitHub/IR2117/tb3_ws/build/obstacles
[0.158s] -- Install configuration: ""
[0.158s] -- Up-to-date: /home/alvaro/Documents/GitHub/IR2117/tb3_ws/install/obstacles/lib/obstacles/detector
[0.159s] -- Up-to-date: /home/alvaro/Documents/GitHub/IR2117/tb3_ws/install/obstacles/share/obstacles/launch
[0.159s] -- Up-to-date: /home/alvaro/Documents/GitHub/IR2117/tb3_ws/install/obstacles/share/obstacles/launch/detector_test.launch.py
[0.159s] -- Up-to-date: /home/alvaro/Documents/GitHub/IR2117/tb3_ws/install/obstacles/share/ament_index/resource_index/package_run_dependencies/obstacles
[0.159s] -- Up-to-date: /home/alvaro/Documents/GitHub/IR2117/tb3_ws/install/obstacles/share/ament_index/resource_index/parent_prefix_path/obstacles
[0.159s] -- Up-to-date: /home/alvaro/Documents/GitHub/IR2117/tb3_ws/install/obstacles/share/obstacles/environment/ament_prefix_path.sh
[0.160s] -- Up-to-date: /home/alvaro/Documents/GitHub/IR2117/tb3_ws/install/obstacles/share/obstacles/environment/ament_prefix_path.dsv
[0.160s] -- Up-to-date: /home/alvaro/Documents/GitHub/IR2117/tb3_ws/install/obstacles/share/obstacles/environment/path.sh
[0.160s] -- Up-to-date: /home/alvaro/Documents/GitHub/IR2117/tb3_ws/install/obstacles/share/obstacles/environment/path.dsv
[0.160s] -- Up-to-date: /home/alvaro/Documents/GitHub/IR2117/tb3_ws/install/obstacles/share/obstacles/local_setup.bash
[0.160s] -- Up-to-date: /home/alvaro/Documents/GitHub/IR2117/tb3_ws/install/obstacles/share/obstacles/local_setup.sh
[0.160s] -- Up-to-date: /home/alvaro/Documents/GitHub/IR2117/tb3_ws/install/obstacles/share/obstacles/local_setup.zsh
[0.160s] -- Up-to-date: /home/alvaro/Documents/GitHub/IR2117/tb3_ws/install/obstacles/share/obstacles/local_setup.dsv
[0.160s] -- Installing: /home/alvaro/Documents/GitHub/IR2117/tb3_ws/install/obstacles/share/obstacles/package.dsv
[0.160s] -- Up-to-date: /home/alvaro/Documents/GitHub/IR2117/tb3_ws/install/obstacles/share/ament_index/resource_index/packages/obstacles
[0.160s] -- Up-to-date: /home/alvaro/Documents/GitHub/IR2117/tb3_ws/install/obstacles/share/obstacles/cmake/obstaclesConfig.cmake
[0.160s] -- Up-to-date: /home/alvaro/Documents/GitHub/IR2117/tb3_ws/install/obstacles/share/obstacles/cmake/obstaclesConfig-version.cmake
[0.160s] -- Up-to-date: /home/alvaro/Documents/GitHub/IR2117/tb3_ws/install/obstacles/share/obstacles/package.xml
[0.164s] Invoked command in '/home/alvaro/Documents/GitHub/IR2117/tb3_ws/build/obstacles' returned '0': CMAKE_PREFIX_PATH=${CMAKE_PREFIX_PATH}:/opt/ros/foxy /usr/bin/cmake --install /home/alvaro/Documents/GitHub/IR2117/tb3_ws/build/obstacles
