[0.032s] Invoking command in '/home/alvaro/Documents/GitHub/IR2117/tb3_ws/build/obstacles': CMAKE_PREFIX_PATH=${CMAKE_PREFIX_PATH}:/opt/ros/foxy /usr/bin/cmake --build /home/alvaro/Documents/GitHub/IR2117/tb3_ws/build/obstacles -- -j8 -l8
[0.115s] [ 50%] Built target avoidance
[0.119s] [100%] Built target detector
[0.136s] Invoked command in '/home/alvaro/Documents/GitHub/IR2117/tb3_ws/build/obstacles' returned '0': CMAKE_PREFIX_PATH=${CMAKE_PREFIX_PATH}:/opt/ros/foxy /usr/bin/cmake --build /home/alvaro/Documents/GitHub/IR2117/tb3_ws/build/obstacles -- -j8 -l8
[0.190s] Invoking command in '/home/alvaro/Documents/GitHub/IR2117/tb3_ws/build/obstacles': CMAKE_PREFIX_PATH=${CMAKE_PREFIX_PATH}:/opt/ros/foxy /usr/bin/cmake --install /home/alvaro/Documents/GitHub/IR2117/tb3_ws/build/obstacles
[0.199s] -- Install configuration: ""
[0.199s] -- Up-to-date: /home/alvaro/Documents/GitHub/IR2117/tb3_ws/install/obstacles/lib/obstacles/detector
[0.199s] -- Up-to-date: /home/alvaro/Documents/GitHub/IR2117/tb3_ws/install/obstacles/lib/obstacles/avoidance
[0.200s] -- Up-to-date: /home/alvaro/Documents/GitHub/IR2117/tb3_ws/install/obstacles/share/obstacles/launch
[0.200s] -- Installing: /home/alvaro/Documents/GitHub/IR2117/tb3_ws/install/obstacles/share/obstacles/launch/triple_detector.launch.py
[0.200s] -- Up-to-date: /home/alvaro/Documents/GitHub/IR2117/tb3_ws/install/obstacles/share/obstacles/launch/detector_test.launch.py
[0.200s] -- Up-to-date: /home/alvaro/Documents/GitHub/IR2117/tb3_ws/install/obstacles/share/ament_index/resource_index/package_run_dependencies/obstacles
[0.200s] -- Up-to-date: /home/alvaro/Documents/GitHub/IR2117/tb3_ws/install/obstacles/share/ament_index/resource_index/parent_prefix_path/obstacles
[0.200s] -- Up-to-date: /home/alvaro/Documents/GitHub/IR2117/tb3_ws/install/obstacles/share/obstacles/environment/ament_prefix_path.sh
[0.200s] -- Up-to-date: /home/alvaro/Documents/GitHub/IR2117/tb3_ws/install/obstacles/share/obstacles/environment/ament_prefix_path.dsv
[0.200s] -- Up-to-date: /home/alvaro/Documents/GitHub/IR2117/tb3_ws/install/obstacles/share/obstacles/environment/path.sh
[0.200s] -- Up-to-date: /home/alvaro/Documents/GitHub/IR2117/tb3_ws/install/obstacles/share/obstacles/environment/path.dsv
[0.201s] -- Up-to-date: /home/alvaro/Documents/GitHub/IR2117/tb3_ws/install/obstacles/share/obstacles/local_setup.bash
[0.201s] -- Up-to-date: /home/alvaro/Documents/GitHub/IR2117/tb3_ws/install/obstacles/share/obstacles/local_setup.sh
[0.201s] -- Up-to-date: /home/alvaro/Documents/GitHub/IR2117/tb3_ws/install/obstacles/share/obstacles/local_setup.zsh
[0.201s] -- Up-to-date: /home/alvaro/Documents/GitHub/IR2117/tb3_ws/install/obstacles/share/obstacles/local_setup.dsv
[0.201s] -- Installing: /home/alvaro/Documents/GitHub/IR2117/tb3_ws/install/obstacles/share/obstacles/package.dsv
[0.201s] -- Up-to-date: /home/alvaro/Documents/GitHub/IR2117/tb3_ws/install/obstacles/share/ament_index/resource_index/packages/obstacles
[0.201s] -- Up-to-date: /home/alvaro/Documents/GitHub/IR2117/tb3_ws/install/obstacles/share/obstacles/cmake/obstaclesConfig.cmake
[0.201s] -- Up-to-date: /home/alvaro/Documents/GitHub/IR2117/tb3_ws/install/obstacles/share/obstacles/cmake/obstaclesConfig-version.cmake
[0.201s] -- Up-to-date: /home/alvaro/Documents/GitHub/IR2117/tb3_ws/install/obstacles/share/obstacles/package.xml
[0.203s] Invoked command in '/home/alvaro/Documents/GitHub/IR2117/tb3_ws/build/obstacles' returned '0': CMAKE_PREFIX_PATH=${CMAKE_PREFIX_PATH}:/opt/ros/foxy /usr/bin/cmake --install /home/alvaro/Documents/GitHub/IR2117/tb3_ws/build/obstacles
