[0.026s] Invoking command in '/home/alvaro/Documents/GitHub/IR2117/tb3_ws/build/obstacles': CMAKE_PREFIX_PATH=${CMAKE_PREFIX_PATH}:/opt/ros/foxy /usr/bin/cmake --build /home/alvaro/Documents/GitHub/IR2117/tb3_ws/build/obstacles -- -j8 -l8
[0.076s] [35m[1mScanning dependencies of target detector[0m
[0.102s] [ 50%] Built target avoidance
[0.107s] [ 75%] [32mBuilding CXX object CMakeFiles/detector.dir/src/detector.cpp.o[0m
[5.244s] [100%] [32m[1mLinking CXX executable detector[0m
[5.521s] [100%] Built target detector
[5.534s] Invoked command in '/home/alvaro/Documents/GitHub/IR2117/tb3_ws/build/obstacles' returned '0': CMAKE_PREFIX_PATH=${CMAKE_PREFIX_PATH}:/opt/ros/foxy /usr/bin/cmake --build /home/alvaro/Documents/GitHub/IR2117/tb3_ws/build/obstacles -- -j8 -l8
[5.554s] Invoking command in '/home/alvaro/Documents/GitHub/IR2117/tb3_ws/build/obstacles': CMAKE_PREFIX_PATH=${CMAKE_PREFIX_PATH}:/opt/ros/foxy /usr/bin/cmake --install /home/alvaro/Documents/GitHub/IR2117/tb3_ws/build/obstacles
[5.562s] -- Install configuration: ""
[5.562s] -- Installing: /home/alvaro/Documents/GitHub/IR2117/tb3_ws/install/obstacles/lib/obstacles/detector
[5.564s] -- Set runtime path of "/home/alvaro/Documents/GitHub/IR2117/tb3_ws/install/obstacles/lib/obstacles/detector" to ""
[5.564s] -- Up-to-date: /home/alvaro/Documents/GitHub/IR2117/tb3_ws/install/obstacles/lib/obstacles/avoidance
[5.564s] -- Up-to-date: /home/alvaro/Documents/GitHub/IR2117/tb3_ws/install/obstacles/share/obstacles/launch
[5.564s] -- Up-to-date: /home/alvaro/Documents/GitHub/IR2117/tb3_ws/install/obstacles/share/obstacles/launch/triple_detector.launch.py
[5.564s] -- Up-to-date: /home/alvaro/Documents/GitHub/IR2117/tb3_ws/install/obstacles/share/obstacles/launch/detector_test.launch.py
[5.564s] -- Up-to-date: /home/alvaro/Documents/GitHub/IR2117/tb3_ws/install/obstacles/share/ament_index/resource_index/package_run_dependencies/obstacles
[5.565s] -- Up-to-date: /home/alvaro/Documents/GitHub/IR2117/tb3_ws/install/obstacles/share/ament_index/resource_index/parent_prefix_path/obstacles
[5.565s] -- Up-to-date: /home/alvaro/Documents/GitHub/IR2117/tb3_ws/install/obstacles/share/obstacles/environment/ament_prefix_path.sh
[5.565s] -- Up-to-date: /home/alvaro/Documents/GitHub/IR2117/tb3_ws/install/obstacles/share/obstacles/environment/ament_prefix_path.dsv
[5.565s] -- Up-to-date: /home/alvaro/Documents/GitHub/IR2117/tb3_ws/install/obstacles/share/obstacles/environment/path.sh
[5.565s] -- Up-to-date: /home/alvaro/Documents/GitHub/IR2117/tb3_ws/install/obstacles/share/obstacles/environment/path.dsv
[5.565s] -- Up-to-date: /home/alvaro/Documents/GitHub/IR2117/tb3_ws/install/obstacles/share/obstacles/local_setup.bash
[5.565s] -- Up-to-date: /home/alvaro/Documents/GitHub/IR2117/tb3_ws/install/obstacles/share/obstacles/local_setup.sh
[5.565s] -- Up-to-date: /home/alvaro/Documents/GitHub/IR2117/tb3_ws/install/obstacles/share/obstacles/local_setup.zsh
[5.565s] -- Up-to-date: /home/alvaro/Documents/GitHub/IR2117/tb3_ws/install/obstacles/share/obstacles/local_setup.dsv
[5.565s] -- Installing: /home/alvaro/Documents/GitHub/IR2117/tb3_ws/install/obstacles/share/obstacles/package.dsv
[5.565s] -- Up-to-date: /home/alvaro/Documents/GitHub/IR2117/tb3_ws/install/obstacles/share/ament_index/resource_index/packages/obstacles
[5.565s] -- Up-to-date: /home/alvaro/Documents/GitHub/IR2117/tb3_ws/install/obstacles/share/obstacles/cmake/obstaclesConfig.cmake
[5.565s] -- Up-to-date: /home/alvaro/Documents/GitHub/IR2117/tb3_ws/install/obstacles/share/obstacles/cmake/obstaclesConfig-version.cmake
[5.565s] -- Up-to-date: /home/alvaro/Documents/GitHub/IR2117/tb3_ws/install/obstacles/share/obstacles/package.xml
[5.569s] Invoked command in '/home/alvaro/Documents/GitHub/IR2117/tb3_ws/build/obstacles' returned '0': CMAKE_PREFIX_PATH=${CMAKE_PREFIX_PATH}:/opt/ros/foxy /usr/bin/cmake --install /home/alvaro/Documents/GitHub/IR2117/tb3_ws/build/obstacles
