[0.027s] Invoking command in '/home/alvaro/Documents/GitHub/IR2117/tb3_ws/build/obstacles': CMAKE_PREFIX_PATH=${CMAKE_PREFIX_PATH}:/opt/ros/foxy /usr/bin/cmake --build /home/alvaro/Documents/GitHub/IR2117/tb3_ws/build/obstacles -- -j8 -l8
[0.076s] [35m[1mScanning dependencies of target detector[0m
[0.098s] [ 50%] Built target avoidance
[0.106s] [ 75%] [32mBuilding CXX object CMakeFiles/detector.dir/src/detector.cpp.o[0m
[4.660s] [100%] [32m[1mLinking CXX executable detector[0m
[4.921s] [100%] Built target detector
[4.934s] Invoked command in '/home/alvaro/Documents/GitHub/IR2117/tb3_ws/build/obstacles' returned '0': CMAKE_PREFIX_PATH=${CMAKE_PREFIX_PATH}:/opt/ros/foxy /usr/bin/cmake --build /home/alvaro/Documents/GitHub/IR2117/tb3_ws/build/obstacles -- -j8 -l8
[4.960s] Invoking command in '/home/alvaro/Documents/GitHub/IR2117/tb3_ws/build/obstacles': CMAKE_PREFIX_PATH=${CMAKE_PREFIX_PATH}:/opt/ros/foxy /usr/bin/cmake --install /home/alvaro/Documents/GitHub/IR2117/tb3_ws/build/obstacles
[4.970s] -- Install configuration: ""
[4.970s] -- Installing: /home/alvaro/Documents/GitHub/IR2117/tb3_ws/install/obstacles/lib/obstacles/detector
[4.971s] -- Set runtime path of "/home/alvaro/Documents/GitHub/IR2117/tb3_ws/install/obstacles/lib/obstacles/detector" to ""
[4.971s] -- Up-to-date: /home/alvaro/Documents/GitHub/IR2117/tb3_ws/install/obstacles/lib/obstacles/avoidance
[4.971s] -- Up-to-date: /home/alvaro/Documents/GitHub/IR2117/tb3_ws/install/obstacles/share/obstacles/launch
[4.971s] -- Up-to-date: /home/alvaro/Documents/GitHub/IR2117/tb3_ws/install/obstacles/share/obstacles/launch/triple_detector.launch.py
[4.971s] -- Up-to-date: /home/alvaro/Documents/GitHub/IR2117/tb3_ws/install/obstacles/share/obstacles/launch/detector_test.launch.py
[4.971s] -- Up-to-date: /home/alvaro/Documents/GitHub/IR2117/tb3_ws/install/obstacles/share/ament_index/resource_index/package_run_dependencies/obstacles
[4.971s] -- Up-to-date: /home/alvaro/Documents/GitHub/IR2117/tb3_ws/install/obstacles/share/ament_index/resource_index/parent_prefix_path/obstacles
[4.971s] -- Up-to-date: /home/alvaro/Documents/GitHub/IR2117/tb3_ws/install/obstacles/share/obstacles/environment/ament_prefix_path.sh
[4.971s] -- Up-to-date: /home/alvaro/Documents/GitHub/IR2117/tb3_ws/install/obstacles/share/obstacles/environment/ament_prefix_path.dsv
[4.971s] -- Up-to-date: /home/alvaro/Documents/GitHub/IR2117/tb3_ws/install/obstacles/share/obstacles/environment/path.sh
[4.972s] -- Up-to-date: /home/alvaro/Documents/GitHub/IR2117/tb3_ws/install/obstacles/share/obstacles/environment/path.dsv
[4.972s] -- Up-to-date: /home/alvaro/Documents/GitHub/IR2117/tb3_ws/install/obstacles/share/obstacles/local_setup.bash
[4.972s] -- Up-to-date: /home/alvaro/Documents/GitHub/IR2117/tb3_ws/install/obstacles/share/obstacles/local_setup.sh
[4.972s] -- Up-to-date: /home/alvaro/Documents/GitHub/IR2117/tb3_ws/install/obstacles/share/obstacles/local_setup.zsh
[4.972s] -- Up-to-date: /home/alvaro/Documents/GitHub/IR2117/tb3_ws/install/obstacles/share/obstacles/local_setup.dsv
[4.972s] -- Installing: /home/alvaro/Documents/GitHub/IR2117/tb3_ws/install/obstacles/share/obstacles/package.dsv
[4.972s] -- Up-to-date: /home/alvaro/Documents/GitHub/IR2117/tb3_ws/install/obstacles/share/ament_index/resource_index/packages/obstacles
[4.972s] -- Up-to-date: /home/alvaro/Documents/GitHub/IR2117/tb3_ws/install/obstacles/share/obstacles/cmake/obstaclesConfig.cmake
[4.972s] -- Up-to-date: /home/alvaro/Documents/GitHub/IR2117/tb3_ws/install/obstacles/share/obstacles/cmake/obstaclesConfig-version.cmake
[4.972s] -- Up-to-date: /home/alvaro/Documents/GitHub/IR2117/tb3_ws/install/obstacles/share/obstacles/package.xml
[4.973s] Invoked command in '/home/alvaro/Documents/GitHub/IR2117/tb3_ws/build/obstacles' returned '0': CMAKE_PREFIX_PATH=${CMAKE_PREFIX_PATH}:/opt/ros/foxy /usr/bin/cmake --install /home/alvaro/Documents/GitHub/IR2117/tb3_ws/build/obstacles
