[0.313s] DEBUG:colcon:Command line arguments: ['/usr/bin/colcon', 'build']
[0.314s] DEBUG:colcon:Parsed command line arguments: Namespace(allow_overriding=[], ament_cmake_args=None, base_paths=['.'], build_base='build', catkin_cmake_args=None, catkin_skip_building_tests=False, cmake_args=None, cmake_clean_cache=False, cmake_clean_first=False, cmake_force_configure=False, cmake_target=None, cmake_target_skip_unavailable=False, continue_on_error=False, event_handlers=None, executor='parallel', ignore_user_meta=False, install_base='install', log_base=None, log_level=None, main=<bound method BuildVerb.main of <colcon_core.verb.build.BuildVerb object at 0x7f58db6c4eb0>>, merge_install=False, metas=['./colcon.meta'], packages_above=None, packages_above_and_dependencies=None, packages_above_depth=None, packages_end=None, packages_ignore=None, packages_ignore_regex=None, packages_select=None, packages_select_build_failed=False, packages_select_by_dep=None, packages_select_regex=None, packages_select_test_failures=False, packages_skip=None, packages_skip_build_finished=False, packages_skip_by_dep=None, packages_skip_regex=None, packages_skip_test_passed=False, packages_skip_up_to=None, packages_start=None, packages_up_to=None, packages_up_to_regex=None, parallel_workers=8, paths=None, symlink_install=False, test_result_base=None, verb_extension=<colcon_core.verb.build.BuildVerb object at 0x7f58db6c4eb0>, verb_name='build', verb_parser=<colcon_defaults.argument_parser.defaults.DefaultArgumentsDecorator object at 0x7f58db6cc460>)
[0.342s] Level 1:colcon.colcon_core.package_discovery:discover_packages(colcon_meta) check parameters
[0.342s] Level 1:colcon.colcon_core.package_discovery:discover_packages(recursive) check parameters
[0.342s] Level 1:colcon.colcon_core.package_discovery:discover_packages(ignore) check parameters
[0.342s] Level 1:colcon.colcon_core.package_discovery:discover_packages(path) check parameters
[0.342s] Level 1:colcon.colcon_core.package_discovery:discover_packages(colcon_meta) discover
[0.342s] Level 1:colcon.colcon_core.package_discovery:discover_packages(recursive) discover
[0.342s] INFO:colcon.colcon_core.package_discovery:Crawling recursively for packages in '/home/alvaro/Documents/GitHub/IR2117/tb3_ws'
[0.342s] Level 1:colcon.colcon_core.package_identification:_identify(.) by extensions ['ignore', 'ignore_ament_install']
[0.343s] Level 1:colcon.colcon_core.package_identification:_identify(.) by extension 'ignore'
[0.343s] Level 1:colcon.colcon_core.package_identification:_identify(.) by extension 'ignore_ament_install'
[0.343s] Level 1:colcon.colcon_core.package_identification:_identify(.) by extensions ['colcon_pkg']
[0.343s] Level 1:colcon.colcon_core.package_identification:_identify(.) by extension 'colcon_pkg'
[0.343s] Level 1:colcon.colcon_core.package_identification:_identify(.) by extensions ['colcon_meta']
[0.343s] Level 1:colcon.colcon_core.package_identification:_identify(.) by extension 'colcon_meta'
[0.343s] Level 1:colcon.colcon_core.package_identification:_identify(.) by extensions ['ros']
[0.343s] Level 1:colcon.colcon_core.package_identification:_identify(.) by extension 'ros'
[0.373s] Level 1:colcon.colcon_core.package_identification:_identify(.) by extensions ['cmake', 'python']
[0.373s] Level 1:colcon.colcon_core.package_identification:_identify(.) by extension 'cmake'
[0.373s] Level 1:colcon.colcon_core.package_identification:_identify(.) by extension 'python'
[0.373s] Level 1:colcon.colcon_core.package_identification:_identify(.) by extensions ['python_setup_py']
[0.373s] Level 1:colcon.colcon_core.package_identification:_identify(.) by extension 'python_setup_py'
[0.373s] Level 1:colcon.colcon_core.package_identification:_identify(build) by extensions ['ignore', 'ignore_ament_install']
[0.373s] Level 1:colcon.colcon_core.package_identification:_identify(build) by extension 'ignore'
[0.373s] Level 1:colcon.colcon_core.package_identification:_identify(build) ignored
[0.373s] Level 1:colcon.colcon_core.package_identification:_identify(install) by extensions ['ignore', 'ignore_ament_install']
[0.373s] Level 1:colcon.colcon_core.package_identification:_identify(install) by extension 'ignore'
[0.373s] Level 1:colcon.colcon_core.package_identification:_identify(install) ignored
[0.373s] Level 1:colcon.colcon_core.package_identification:_identify(log) by extensions ['ignore', 'ignore_ament_install']
[0.373s] Level 1:colcon.colcon_core.package_identification:_identify(log) by extension 'ignore'
[0.374s] Level 1:colcon.colcon_core.package_identification:_identify(log) ignored
[0.374s] Level 1:colcon.colcon_core.package_identification:_identify(src) by extensions ['ignore', 'ignore_ament_install']
[0.374s] Level 1:colcon.colcon_core.package_identification:_identify(src) by extension 'ignore'
[0.374s] Level 1:colcon.colcon_core.package_identification:_identify(src) by extension 'ignore_ament_install'
[0.374s] Level 1:colcon.colcon_core.package_identification:_identify(src) by extensions ['colcon_pkg']
[0.374s] Level 1:colcon.colcon_core.package_identification:_identify(src) by extension 'colcon_pkg'
[0.374s] Level 1:colcon.colcon_core.package_identification:_identify(src) by extensions ['colcon_meta']
[0.374s] Level 1:colcon.colcon_core.package_identification:_identify(src) by extension 'colcon_meta'
[0.374s] Level 1:colcon.colcon_core.package_identification:_identify(src) by extensions ['ros']
[0.374s] Level 1:colcon.colcon_core.package_identification:_identify(src) by extension 'ros'
[0.374s] Level 1:colcon.colcon_core.package_identification:_identify(src) by extensions ['cmake', 'python']
[0.374s] Level 1:colcon.colcon_core.package_identification:_identify(src) by extension 'cmake'
[0.374s] Level 1:colcon.colcon_core.package_identification:_identify(src) by extension 'python'
[0.374s] Level 1:colcon.colcon_core.package_identification:_identify(src) by extensions ['python_setup_py']
[0.374s] Level 1:colcon.colcon_core.package_identification:_identify(src) by extension 'python_setup_py'
[0.374s] Level 1:colcon.colcon_core.package_identification:_identify(src/robot_trajectory) by extensions ['ignore', 'ignore_ament_install']
[0.374s] Level 1:colcon.colcon_core.package_identification:_identify(src/robot_trajectory) by extension 'ignore'
[0.374s] Level 1:colcon.colcon_core.package_identification:_identify(src/robot_trajectory) by extension 'ignore_ament_install'
[0.374s] Level 1:colcon.colcon_core.package_identification:_identify(src/robot_trajectory) by extensions ['colcon_pkg']
[0.374s] Level 1:colcon.colcon_core.package_identification:_identify(src/robot_trajectory) by extension 'colcon_pkg'
[0.374s] Level 1:colcon.colcon_core.package_identification:_identify(src/robot_trajectory) by extensions ['colcon_meta']
[0.374s] Level 1:colcon.colcon_core.package_identification:_identify(src/robot_trajectory) by extension 'colcon_meta'
[0.374s] Level 1:colcon.colcon_core.package_identification:_identify(src/robot_trajectory) by extensions ['ros']
[0.374s] Level 1:colcon.colcon_core.package_identification:_identify(src/robot_trajectory) by extension 'ros'
[0.378s] DEBUG:colcon.colcon_core.package_identification:Package 'src/robot_trajectory' with type 'ros.ament_cmake' and name 'robot_trajectory'
[0.378s] Level 1:colcon.colcon_core.package_discovery:discover_packages(recursive) using defaults
[0.378s] Level 1:colcon.colcon_core.package_discovery:discover_packages(ignore) discover
[0.378s] Level 1:colcon.colcon_core.package_discovery:discover_packages(ignore) using defaults
[0.378s] Level 1:colcon.colcon_core.package_discovery:discover_packages(path) discover
[0.378s] Level 1:colcon.colcon_core.package_discovery:discover_packages(path) using defaults
[0.400s] Level 1:colcon.colcon_core.package_discovery:discover_packages(prefix_path) check parameters
[0.400s] Level 1:colcon.colcon_core.package_discovery:discover_packages(prefix_path) discover
[0.402s] DEBUG:colcon.colcon_installed_package_information.package_discovery:Found 1 installed packages in /home/alvaro/Documents/GitHub/IR2117/tb3_ws/install
[0.404s] DEBUG:colcon.colcon_installed_package_information.package_discovery:Found 312 installed packages in /opt/ros/foxy
[0.406s] Level 1:colcon.colcon_core.package_discovery:discover_packages(prefix_path) using defaults
[0.468s] Level 5:colcon.colcon_core.verb:set package 'robot_trajectory' build argument 'cmake_args' from command line to 'None'
[0.468s] Level 5:colcon.colcon_core.verb:set package 'robot_trajectory' build argument 'cmake_target' from command line to 'None'
[0.468s] Level 5:colcon.colcon_core.verb:set package 'robot_trajectory' build argument 'cmake_target_skip_unavailable' from command line to 'False'
[0.468s] Level 5:colcon.colcon_core.verb:set package 'robot_trajectory' build argument 'cmake_clean_cache' from command line to 'False'
[0.468s] Level 5:colcon.colcon_core.verb:set package 'robot_trajectory' build argument 'cmake_clean_first' from command line to 'False'
[0.468s] Level 5:colcon.colcon_core.verb:set package 'robot_trajectory' build argument 'cmake_force_configure' from command line to 'False'
[0.468s] Level 5:colcon.colcon_core.verb:set package 'robot_trajectory' build argument 'ament_cmake_args' from command line to 'None'
[0.468s] Level 5:colcon.colcon_core.verb:set package 'robot_trajectory' build argument 'catkin_cmake_args' from command line to 'None'
[0.468s] Level 5:colcon.colcon_core.verb:set package 'robot_trajectory' build argument 'catkin_skip_building_tests' from command line to 'False'
[0.468s] DEBUG:colcon.colcon_core.verb:Building package 'robot_trajectory' with the following arguments: {'ament_cmake_args': None, 'build_base': '/home/alvaro/Documents/GitHub/IR2117/tb3_ws/build/robot_trajectory', 'catkin_cmake_args': None, 'catkin_skip_building_tests': False, 'cmake_args': None, 'cmake_clean_cache': False, 'cmake_clean_first': False, 'cmake_force_configure': False, 'cmake_target': None, 'cmake_target_skip_unavailable': False, 'install_base': '/home/alvaro/Documents/GitHub/IR2117/tb3_ws/install/robot_trajectory', 'merge_install': False, 'path': '/home/alvaro/Documents/GitHub/IR2117/tb3_ws/src/robot_trajectory', 'symlink_install': False, 'test_result_base': None}
[0.468s] INFO:colcon.colcon_core.executor:Executing jobs using 'parallel' executor
[0.473s] DEBUG:colcon.colcon_parallel_executor.executor.parallel:run_until_complete
[0.473s] INFO:colcon.colcon_ros.task.ament_cmake.build:Building ROS package in '/home/alvaro/Documents/GitHub/IR2117/tb3_ws/src/robot_trajectory' with build type 'ament_cmake'
[0.474s] INFO:colcon.colcon_cmake.task.cmake.build:Building CMake package in '/home/alvaro/Documents/GitHub/IR2117/tb3_ws/src/robot_trajectory'
[0.480s] INFO:colcon.colcon_core.plugin_system:Skipping extension 'colcon_core.shell.bat': Not used on non-Windows systems
[0.480s] INFO:colcon.colcon_core.shell:Skip shell extension 'powershell' for command environment: Not usable outside of PowerShell
[0.481s] DEBUG:colcon.colcon_core.shell:Skip shell extension 'dsv' for command environment
[0.495s] DEBUG:colcon.colcon_core.event_handler.log_command:Invoking command in '/home/alvaro/Documents/GitHub/IR2117/tb3_ws/build/robot_trajectory': CMAKE_PREFIX_PATH=${CMAKE_PREFIX_PATH}:/opt/ros/foxy /usr/bin/cmake --build /home/alvaro/Documents/GitHub/IR2117/tb3_ws/build/robot_trajectory -- -j8 -l8
[5.905s] DEBUG:colcon.colcon_core.event_handler.log_command:Invoked command in '/home/alvaro/Documents/GitHub/IR2117/tb3_ws/build/robot_trajectory' returned '0': CMAKE_PREFIX_PATH=${CMAKE_PREFIX_PATH}:/opt/ros/foxy /usr/bin/cmake --build /home/alvaro/Documents/GitHub/IR2117/tb3_ws/build/robot_trajectory -- -j8 -l8
[5.943s] DEBUG:colcon.colcon_core.event_handler.log_command:Invoking command in '/home/alvaro/Documents/GitHub/IR2117/tb3_ws/build/robot_trajectory': CMAKE_PREFIX_PATH=${CMAKE_PREFIX_PATH}:/opt/ros/foxy /usr/bin/cmake --install /home/alvaro/Documents/GitHub/IR2117/tb3_ws/build/robot_trajectory
[5.957s] Level 1:colcon.colcon_core.environment:create_environment_scripts_only(robot_trajectory)
[5.958s] DEBUG:colcon.colcon_core.event_handler.log_command:Invoked command in '/home/alvaro/Documents/GitHub/IR2117/tb3_ws/build/robot_trajectory' returned '0': CMAKE_PREFIX_PATH=${CMAKE_PREFIX_PATH}:/opt/ros/foxy /usr/bin/cmake --install /home/alvaro/Documents/GitHub/IR2117/tb3_ws/build/robot_trajectory
[5.963s] Level 1:colcon.colcon_core.environment:checking '/home/alvaro/Documents/GitHub/IR2117/tb3_ws/install/robot_trajectory' for CMake module files
[5.965s] Level 1:colcon.colcon_core.environment:checking '/home/alvaro/Documents/GitHub/IR2117/tb3_ws/install/robot_trajectory' for CMake config files
[5.966s] Level 1:colcon.colcon_core.shell:create_environment_hook('robot_trajectory', 'cmake_prefix_path')
[5.968s] INFO:colcon.colcon_core.shell:Creating environment hook '/home/alvaro/Documents/GitHub/IR2117/tb3_ws/install/robot_trajectory/share/robot_trajectory/hook/cmake_prefix_path.ps1'
[5.968s] INFO:colcon.colcon_core.shell:Creating environment descriptor '/home/alvaro/Documents/GitHub/IR2117/tb3_ws/install/robot_trajectory/share/robot_trajectory/hook/cmake_prefix_path.dsv'
[5.969s] INFO:colcon.colcon_core.shell:Creating environment hook '/home/alvaro/Documents/GitHub/IR2117/tb3_ws/install/robot_trajectory/share/robot_trajectory/hook/cmake_prefix_path.sh'
[5.969s] Level 1:colcon.colcon_core.environment:checking '/home/alvaro/Documents/GitHub/IR2117/tb3_ws/install/robot_trajectory/lib'
[5.969s] Level 1:colcon.colcon_core.environment:checking '/home/alvaro/Documents/GitHub/IR2117/tb3_ws/install/robot_trajectory/bin'
[5.969s] Level 1:colcon.colcon_core.environment:checking '/home/alvaro/Documents/GitHub/IR2117/tb3_ws/install/robot_trajectory/lib/pkgconfig/robot_trajectory.pc'
[5.970s] Level 1:colcon.colcon_core.environment:checking '/home/alvaro/Documents/GitHub/IR2117/tb3_ws/install/robot_trajectory/lib/python3.8/site-packages'
[5.970s] Level 1:colcon.colcon_core.environment:checking '/home/alvaro/Documents/GitHub/IR2117/tb3_ws/install/robot_trajectory/bin'
[5.971s] INFO:colcon.colcon_core.shell:Creating package script '/home/alvaro/Documents/GitHub/IR2117/tb3_ws/install/robot_trajectory/share/robot_trajectory/package.ps1'
[5.971s] INFO:colcon.colcon_core.shell:Creating package descriptor '/home/alvaro/Documents/GitHub/IR2117/tb3_ws/install/robot_trajectory/share/robot_trajectory/package.dsv'
[5.971s] INFO:colcon.colcon_core.shell:Creating package script '/home/alvaro/Documents/GitHub/IR2117/tb3_ws/install/robot_trajectory/share/robot_trajectory/package.sh'
[5.972s] INFO:colcon.colcon_core.shell:Creating package script '/home/alvaro/Documents/GitHub/IR2117/tb3_ws/install/robot_trajectory/share/robot_trajectory/package.bash'
[5.972s] INFO:colcon.colcon_core.shell:Creating package script '/home/alvaro/Documents/GitHub/IR2117/tb3_ws/install/robot_trajectory/share/robot_trajectory/package.zsh'
[5.973s] Level 1:colcon.colcon_core.environment:create_file_with_runtime_dependencies(/home/alvaro/Documents/GitHub/IR2117/tb3_ws/install/robot_trajectory/share/colcon-core/packages/robot_trajectory)
[6.001s] Level 1:colcon.colcon_core.environment:create_environment_scripts_only(robot_trajectory)
[6.003s] Level 1:colcon.colcon_core.environment:checking '/home/alvaro/Documents/GitHub/IR2117/tb3_ws/install/robot_trajectory' for CMake module files
[6.003s] Level 1:colcon.colcon_core.environment:checking '/home/alvaro/Documents/GitHub/IR2117/tb3_ws/install/robot_trajectory' for CMake config files
[6.003s] Level 1:colcon.colcon_core.shell:create_environment_hook('robot_trajectory', 'cmake_prefix_path')
[6.004s] INFO:colcon.colcon_core.shell:Creating environment hook '/home/alvaro/Documents/GitHub/IR2117/tb3_ws/install/robot_trajectory/share/robot_trajectory/hook/cmake_prefix_path.ps1'
[6.005s] INFO:colcon.colcon_core.shell:Creating environment descriptor '/home/alvaro/Documents/GitHub/IR2117/tb3_ws/install/robot_trajectory/share/robot_trajectory/hook/cmake_prefix_path.dsv'
[6.005s] INFO:colcon.colcon_core.shell:Creating environment hook '/home/alvaro/Documents/GitHub/IR2117/tb3_ws/install/robot_trajectory/share/robot_trajectory/hook/cmake_prefix_path.sh'
[6.005s] Level 1:colcon.colcon_core.environment:checking '/home/alvaro/Documents/GitHub/IR2117/tb3_ws/install/robot_trajectory/lib'
[6.005s] Level 1:colcon.colcon_core.environment:checking '/home/alvaro/Documents/GitHub/IR2117/tb3_ws/install/robot_trajectory/bin'
[6.005s] Level 1:colcon.colcon_core.environment:checking '/home/alvaro/Documents/GitHub/IR2117/tb3_ws/install/robot_trajectory/lib/pkgconfig/robot_trajectory.pc'
[6.006s] Level 1:colcon.colcon_core.environment:checking '/home/alvaro/Documents/GitHub/IR2117/tb3_ws/install/robot_trajectory/lib/python3.8/site-packages'
[6.006s] Level 1:colcon.colcon_core.environment:checking '/home/alvaro/Documents/GitHub/IR2117/tb3_ws/install/robot_trajectory/bin'
[6.007s] INFO:colcon.colcon_core.shell:Creating package script '/home/alvaro/Documents/GitHub/IR2117/tb3_ws/install/robot_trajectory/share/robot_trajectory/package.ps1'
[6.008s] INFO:colcon.colcon_core.shell:Creating package descriptor '/home/alvaro/Documents/GitHub/IR2117/tb3_ws/install/robot_trajectory/share/robot_trajectory/package.dsv'
[6.009s] INFO:colcon.colcon_core.shell:Creating package script '/home/alvaro/Documents/GitHub/IR2117/tb3_ws/install/robot_trajectory/share/robot_trajectory/package.sh'
[6.009s] INFO:colcon.colcon_core.shell:Creating package script '/home/alvaro/Documents/GitHub/IR2117/tb3_ws/install/robot_trajectory/share/robot_trajectory/package.bash'
[6.010s] INFO:colcon.colcon_core.shell:Creating package script '/home/alvaro/Documents/GitHub/IR2117/tb3_ws/install/robot_trajectory/share/robot_trajectory/package.zsh'
[6.011s] Level 1:colcon.colcon_core.environment:create_file_with_runtime_dependencies(/home/alvaro/Documents/GitHub/IR2117/tb3_ws/install/robot_trajectory/share/colcon-core/packages/robot_trajectory)
[6.011s] DEBUG:colcon.colcon_parallel_executor.executor.parallel:closing loop
[6.012s] DEBUG:colcon.colcon_parallel_executor.executor.parallel:loop closed
[6.013s] DEBUG:colcon.colcon_parallel_executor.executor.parallel:run_until_complete finished with '0'
[6.013s] DEBUG:colcon.colcon_core.event_reactor:joining thread
[6.019s] INFO:colcon.colcon_core.plugin_system:Skipping extension 'colcon_notification.desktop_notification.terminal_notifier': Not used on non-Darwin systems
[6.019s] INFO:colcon.colcon_core.plugin_system:Skipping extension 'colcon_notification.desktop_notification.win32': Not used on non-Windows systems
[6.019s] INFO:colcon.colcon_notification.desktop_notification:Sending desktop notification using 'notify2'
[6.036s] DEBUG:colcon.colcon_core.event_reactor:joined thread
[6.038s] INFO:colcon.colcon_core.shell:Creating prefix script '/home/alvaro/Documents/GitHub/IR2117/tb3_ws/install/local_setup.ps1'
[6.040s] INFO:colcon.colcon_core.shell:Creating prefix util module '/home/alvaro/Documents/GitHub/IR2117/tb3_ws/install/_local_setup_util_ps1.py'
[6.042s] INFO:colcon.colcon_core.shell:Creating prefix chain script '/home/alvaro/Documents/GitHub/IR2117/tb3_ws/install/setup.ps1'
[6.046s] INFO:colcon.colcon_core.shell:Creating prefix script '/home/alvaro/Documents/GitHub/IR2117/tb3_ws/install/local_setup.sh'
[6.047s] INFO:colcon.colcon_core.shell:Creating prefix util module '/home/alvaro/Documents/GitHub/IR2117/tb3_ws/install/_local_setup_util_sh.py'
[6.048s] INFO:colcon.colcon_core.shell:Creating prefix chain script '/home/alvaro/Documents/GitHub/IR2117/tb3_ws/install/setup.sh'
[6.050s] INFO:colcon.colcon_core.shell:Creating prefix script '/home/alvaro/Documents/GitHub/IR2117/tb3_ws/install/local_setup.bash'
[6.050s] INFO:colcon.colcon_core.shell:Creating prefix chain script '/home/alvaro/Documents/GitHub/IR2117/tb3_ws/install/setup.bash'
[6.051s] INFO:colcon.colcon_core.shell:Creating prefix script '/home/alvaro/Documents/GitHub/IR2117/tb3_ws/install/local_setup.zsh'
[6.051s] INFO:colcon.colcon_core.shell:Creating prefix chain script '/home/alvaro/Documents/GitHub/IR2117/tb3_ws/install/setup.zsh'
