[0.016s] Invoking command in '/home/alvaro/Documents/GitHub/IR2117/ros2_ws/build/examples_sum': CMAKE_PREFIX_PATH=/opt/ros/foxy /usr/bin/cmake /home/alvaro/Documents/GitHub/IR2117/ros2_ws/src/examples/sum -DCMAKE_INSTALL_PREFIX=/home/alvaro/Documents/GitHub/IR2117/ros2_ws/install/examples_sum
[0.062s] -- The C compiler identification is GNU 9.4.0
[0.101s] -- The CXX compiler identification is GNU 9.4.0
[0.105s] -- Check for working C compiler: /usr/bin/cc
[0.158s] -- Check for working C compiler: /usr/bin/cc -- works
[0.158s] -- Detecting C compiler ABI info
[0.209s] -- Detecting C compiler ABI info - done
[0.217s] -- Detecting C compile features
[0.217s] -- Detecting C compile features - done
[0.219s] -- Check for working CXX compiler: /usr/bin/c++
[0.278s] -- Check for working CXX compiler: /usr/bin/c++ -- works
[0.280s] -- Detecting CXX compiler ABI info
[0.342s] -- Detecting CXX compiler ABI info - done
[0.350s] -- Detecting CXX compile features
[0.350s] -- Detecting CXX compile features - done
[0.352s] -- Found ament_cmake: 0.9.11 (/opt/ros/foxy/share/ament_cmake/cmake)
[0.369s] -- Found PythonInterp: /usr/bin/python3 (found suitable version "3.8.10", minimum required is "3") 
[0.369s] -- Using PYTHON_EXECUTABLE: /usr/bin/python3
[0.505s] -- Found rclcpp: 2.4.2 (/opt/ros/foxy/share/rclcpp/cmake)
[0.536s] -- Using all available rosidl_typesupport_c: rosidl_typesupport_fastrtps_c;rosidl_typesupport_introspection_c
[0.540s] -- Found rosidl_adapter: 1.3.0 (/opt/ros/foxy/share/rosidl_adapter/cmake)
[0.604s] -- Found OpenSSL: /usr/lib/x86_64-linux-gnu/libcrypto.so (found version "1.1.1f")  
[0.626s] -- Found FastRTPS: /opt/ros/foxy/include  
[0.684s] -- Using all available rosidl_typesupport_cpp: rosidl_typesupport_fastrtps_cpp;rosidl_typesupport_introspection_cpp
[0.726s] -- Found rmw_implementation_cmake: 1.0.3 (/opt/ros/foxy/share/rmw_implementation_cmake/cmake)
[0.728s] -- Using RMW implementation 'rmw_fastrtps_cpp' as default
[0.729s] -- Looking for pthread.h
[0.784s] -- Looking for pthread.h - found
[0.784s] -- Performing Test CMAKE_HAVE_LIBC_PTHREAD
[0.841s] -- Performing Test CMAKE_HAVE_LIBC_PTHREAD - Failed
[0.841s] -- Looking for pthread_create in pthreads
[0.885s] -- Looking for pthread_create in pthreads - not found
[0.885s] -- Looking for pthread_create in pthread
[0.938s] -- Looking for pthread_create in pthread - found
[0.939s] -- Found Threads: TRUE  
[1.090s] -- Configuring done
[1.095s] -- Generating done
[1.095s] -- Build files have been written to: /home/alvaro/Documents/GitHub/IR2117/ros2_ws/build/examples_sum
[1.101s] Invoked command in '/home/alvaro/Documents/GitHub/IR2117/ros2_ws/build/examples_sum' returned '0': CMAKE_PREFIX_PATH=/opt/ros/foxy /usr/bin/cmake /home/alvaro/Documents/GitHub/IR2117/ros2_ws/src/examples/sum -DCMAKE_INSTALL_PREFIX=/home/alvaro/Documents/GitHub/IR2117/ros2_ws/install/examples_sum
[1.103s] Invoking command in '/home/alvaro/Documents/GitHub/IR2117/ros2_ws/build/examples_sum': CMAKE_PREFIX_PATH=/opt/ros/foxy /usr/bin/cmake --build /home/alvaro/Documents/GitHub/IR2117/ros2_ws/build/examples_sum -- -j8 -l8
[1.136s] [35m[1mScanning dependencies of target sum[0m
[1.200s] [ 50%] [32mBuilding CXX object CMakeFiles/sum.dir/sum.cpp.o[0m
[4.945s] [100%] [32m[1mLinking CXX executable sum[0m
[5.131s] [100%] Built target sum
[5.140s] Invoked command in '/home/alvaro/Documents/GitHub/IR2117/ros2_ws/build/examples_sum' returned '0': CMAKE_PREFIX_PATH=/opt/ros/foxy /usr/bin/cmake --build /home/alvaro/Documents/GitHub/IR2117/ros2_ws/build/examples_sum -- -j8 -l8
[5.171s] Invoking command in '/home/alvaro/Documents/GitHub/IR2117/ros2_ws/build/examples_sum': CMAKE_PREFIX_PATH=/opt/ros/foxy /usr/bin/cmake --install /home/alvaro/Documents/GitHub/IR2117/ros2_ws/build/examples_sum
[5.178s] -- Install configuration: ""
[5.178s] -- Installing: /home/alvaro/Documents/GitHub/IR2117/ros2_ws/install/examples_sum/lib/examples_sum/sum
[5.179s] -- Set runtime path of "/home/alvaro/Documents/GitHub/IR2117/ros2_ws/install/examples_sum/lib/examples_sum/sum" to ""
[5.179s] -- Installing: /home/alvaro/Documents/GitHub/IR2117/ros2_ws/install/examples_sum/share/ament_index/resource_index/package_run_dependencies/examples_sum
[5.180s] -- Installing: /home/alvaro/Documents/GitHub/IR2117/ros2_ws/install/examples_sum/share/ament_index/resource_index/parent_prefix_path/examples_sum
[5.180s] -- Installing: /home/alvaro/Documents/GitHub/IR2117/ros2_ws/install/examples_sum/share/examples_sum/environment/ament_prefix_path.sh
[5.180s] -- Installing: /home/alvaro/Documents/GitHub/IR2117/ros2_ws/install/examples_sum/share/examples_sum/environment/ament_prefix_path.dsv
[5.180s] -- Installing: /home/alvaro/Documents/GitHub/IR2117/ros2_ws/install/examples_sum/share/examples_sum/environment/path.sh
[5.180s] -- Installing: /home/alvaro/Documents/GitHub/IR2117/ros2_ws/install/examples_sum/share/examples_sum/environment/path.dsv
[5.180s] -- Installing: /home/alvaro/Documents/GitHub/IR2117/ros2_ws/install/examples_sum/share/examples_sum/local_setup.bash
[5.180s] -- Installing: /home/alvaro/Documents/GitHub/IR2117/ros2_ws/install/examples_sum/share/examples_sum/local_setup.sh
[5.180s] -- Installing: /home/alvaro/Documents/GitHub/IR2117/ros2_ws/install/examples_sum/share/examples_sum/local_setup.zsh
[5.180s] -- Installing: /home/alvaro/Documents/GitHub/IR2117/ros2_ws/install/examples_sum/share/examples_sum/local_setup.dsv
[5.180s] -- Installing: /home/alvaro/Documents/GitHub/IR2117/ros2_ws/install/examples_sum/share/examples_sum/package.dsv
[5.181s] -- Installing: /home/alvaro/Documents/GitHub/IR2117/ros2_ws/install/examples_sum/share/ament_index/resource_index/packages/examples_sum
[5.181s] -- Installing: /home/alvaro/Documents/GitHub/IR2117/ros2_ws/install/examples_sum/share/examples_sum/cmake/examples_sumConfig.cmake
[5.181s] -- Installing: /home/alvaro/Documents/GitHub/IR2117/ros2_ws/install/examples_sum/share/examples_sum/cmake/examples_sumConfig-version.cmake
[5.181s] -- Installing: /home/alvaro/Documents/GitHub/IR2117/ros2_ws/install/examples_sum/share/examples_sum/package.xml
[5.198s] Invoked command in '/home/alvaro/Documents/GitHub/IR2117/ros2_ws/build/examples_sum' returned '0': CMAKE_PREFIX_PATH=/opt/ros/foxy /usr/bin/cmake --install /home/alvaro/Documents/GitHub/IR2117/ros2_ws/build/examples_sum
