[0.026s] Invoking command in '/home/usuario/Documentos/GitHub/IR2117/ros2_ws/build/examples_sum': CMAKE_PREFIX_PATH=/opt/ros/foxy /usr/bin/cmake /home/usuario/Documentos/GitHub/IR2117/ros2_ws/src/examples/sum -DCMAKE_INSTALL_PREFIX=/home/usuario/Documentos/GitHub/IR2117/ros2_ws/install/examples_sum
[0.067s] -- The C compiler identification is GNU 9.4.0
[0.108s] -- The CXX compiler identification is GNU 9.4.0
[0.112s] -- Check for working C compiler: /usr/bin/cc
[0.169s] -- Check for working C compiler: /usr/bin/cc -- works
[0.170s] -- Detecting C compiler ABI info
[0.232s] -- Detecting C compiler ABI info - done
[0.243s] -- Detecting C compile features
[0.243s] -- Detecting C compile features - done
[0.246s] -- Check for working CXX compiler: /usr/bin/c++
[0.322s] -- Check for working CXX compiler: /usr/bin/c++ -- works
[0.324s] -- Detecting CXX compiler ABI info
[0.410s] -- Detecting CXX compiler ABI info - done
[0.421s] -- Detecting CXX compile features
[0.422s] -- Detecting CXX compile features - done
[0.424s] -- Found ament_cmake: 0.9.11 (/opt/ros/foxy/share/ament_cmake/cmake)
[0.451s] -- Found PythonInterp: /usr/bin/python3 (found suitable version "3.8.10", minimum required is "3") 
[0.451s] -- Using PYTHON_EXECUTABLE: /usr/bin/python3
[0.625s] -- Found rclcpp: 2.4.2 (/opt/ros/foxy/share/rclcpp/cmake)
[0.659s] -- Using all available rosidl_typesupport_c: rosidl_typesupport_fastrtps_c;rosidl_typesupport_introspection_c
[0.663s] -- Found rosidl_adapter: 1.3.0 (/opt/ros/foxy/share/rosidl_adapter/cmake)
[0.726s] -- Found OpenSSL: /usr/lib/x86_64-linux-gnu/libcrypto.so (found version "1.1.1f")  
[0.754s] -- Found FastRTPS: /opt/ros/foxy/include  
[0.811s] -- Using all available rosidl_typesupport_cpp: rosidl_typesupport_fastrtps_cpp;rosidl_typesupport_introspection_cpp
[0.851s] -- Found rmw_implementation_cmake: 1.0.3 (/opt/ros/foxy/share/rmw_implementation_cmake/cmake)
[0.852s] -- Using RMW implementation 'rmw_fastrtps_cpp' as default
[0.854s] -- Looking for pthread.h
[0.930s] -- Looking for pthread.h - found
[0.930s] -- Performing Test CMAKE_HAVE_LIBC_PTHREAD
[1.012s] -- Performing Test CMAKE_HAVE_LIBC_PTHREAD - Failed
[1.013s] -- Looking for pthread_create in pthreads
[1.070s] -- Looking for pthread_create in pthreads - not found
[1.070s] -- Looking for pthread_create in pthread
[1.153s] -- Looking for pthread_create in pthread - found
[1.154s] -- Found Threads: TRUE  
[1.336s] -- Configuring done
[1.341s] -- Generating done
[1.343s] -- Build files have been written to: /home/usuario/Documentos/GitHub/IR2117/ros2_ws/build/examples_sum
[1.349s] Invoked command in '/home/usuario/Documentos/GitHub/IR2117/ros2_ws/build/examples_sum' returned '0': CMAKE_PREFIX_PATH=/opt/ros/foxy /usr/bin/cmake /home/usuario/Documentos/GitHub/IR2117/ros2_ws/src/examples/sum -DCMAKE_INSTALL_PREFIX=/home/usuario/Documentos/GitHub/IR2117/ros2_ws/install/examples_sum
[1.352s] Invoking command in '/home/usuario/Documentos/GitHub/IR2117/ros2_ws/build/examples_sum': CMAKE_PREFIX_PATH=/opt/ros/foxy /usr/bin/cmake --build /home/usuario/Documentos/GitHub/IR2117/ros2_ws/build/examples_sum -- -j6 -l6
[1.393s] [35m[1mScanning dependencies of target sum[0m
[1.425s] [ 50%] [32mBuilding CXX object CMakeFiles/sum.dir/sum.cpp.o[0m
[5.056s] [100%] [32m[1mLinking CXX executable sum[0m
[5.498s] [100%] Built target sum
[5.508s] Invoked command in '/home/usuario/Documentos/GitHub/IR2117/ros2_ws/build/examples_sum' returned '0': CMAKE_PREFIX_PATH=/opt/ros/foxy /usr/bin/cmake --build /home/usuario/Documentos/GitHub/IR2117/ros2_ws/build/examples_sum -- -j6 -l6
[5.533s] Invoking command in '/home/usuario/Documentos/GitHub/IR2117/ros2_ws/build/examples_sum': CMAKE_PREFIX_PATH=/opt/ros/foxy /usr/bin/cmake --install /home/usuario/Documentos/GitHub/IR2117/ros2_ws/build/examples_sum
[5.543s] -- Install configuration: ""
[5.543s] -- Installing: /home/usuario/Documentos/GitHub/IR2117/ros2_ws/install/examples_sum/lib/examples_sum/sum
[5.562s] -- Set runtime path of "/home/usuario/Documentos/GitHub/IR2117/ros2_ws/install/examples_sum/lib/examples_sum/sum" to ""
[5.562s] -- Installing: /home/usuario/Documentos/GitHub/IR2117/ros2_ws/install/examples_sum/share/ament_index/resource_index/package_run_dependencies/examples_sum
[5.563s] -- Installing: /home/usuario/Documentos/GitHub/IR2117/ros2_ws/install/examples_sum/share/ament_index/resource_index/parent_prefix_path/examples_sum
[5.564s] -- Installing: /home/usuario/Documentos/GitHub/IR2117/ros2_ws/install/examples_sum/share/examples_sum/environment/ament_prefix_path.sh
[5.564s] -- Installing: /home/usuario/Documentos/GitHub/IR2117/ros2_ws/install/examples_sum/share/examples_sum/environment/ament_prefix_path.dsv
[5.564s] -- Installing: /home/usuario/Documentos/GitHub/IR2117/ros2_ws/install/examples_sum/share/examples_sum/environment/path.sh
[5.564s] -- Installing: /home/usuario/Documentos/GitHub/IR2117/ros2_ws/install/examples_sum/share/examples_sum/environment/path.dsv
[5.565s] -- Installing: /home/usuario/Documentos/GitHub/IR2117/ros2_ws/install/examples_sum/share/examples_sum/local_setup.bash
[5.565s] -- Installing: /home/usuario/Documentos/GitHub/IR2117/ros2_ws/install/examples_sum/share/examples_sum/local_setup.sh
[5.565s] -- Installing: /home/usuario/Documentos/GitHub/IR2117/ros2_ws/install/examples_sum/share/examples_sum/local_setup.zsh
[5.566s] -- Installing: /home/usuario/Documentos/GitHub/IR2117/ros2_ws/install/examples_sum/share/examples_sum/local_setup.dsv
[5.566s] -- Installing: /home/usuario/Documentos/GitHub/IR2117/ros2_ws/install/examples_sum/share/examples_sum/package.dsv
[5.566s] -- Installing: /home/usuario/Documentos/GitHub/IR2117/ros2_ws/install/examples_sum/share/ament_index/resource_index/packages/examples_sum
[5.567s] -- Installing: /home/usuario/Documentos/GitHub/IR2117/ros2_ws/install/examples_sum/share/examples_sum/cmake/examples_sumConfig.cmake
[5.567s] -- Installing: /home/usuario/Documentos/GitHub/IR2117/ros2_ws/install/examples_sum/share/examples_sum/cmake/examples_sumConfig-version.cmake
[5.567s] -- Installing: /home/usuario/Documentos/GitHub/IR2117/ros2_ws/install/examples_sum/share/examples_sum/package.xml
[5.574s] Invoked command in '/home/usuario/Documentos/GitHub/IR2117/ros2_ws/build/examples_sum' returned '0': CMAKE_PREFIX_PATH=/opt/ros/foxy /usr/bin/cmake --install /home/usuario/Documentos/GitHub/IR2117/ros2_ws/build/examples_sum
