[0.208s] DEBUG:colcon:Command line arguments: ['/usr/bin/colcon', 'build']
[0.208s] DEBUG:colcon:Parsed command line arguments: Namespace(allow_overriding=[], ament_cmake_args=None, base_paths=['.'], build_base='build', catkin_cmake_args=None, catkin_skip_building_tests=False, cmake_args=None, cmake_clean_cache=False, cmake_clean_first=False, cmake_force_configure=False, cmake_target=None, cmake_target_skip_unavailable=False, continue_on_error=False, event_handlers=None, executor='parallel', ignore_user_meta=False, install_base='install', log_base=None, log_level=None, main=<bound method BuildVerb.main of <colcon_core.verb.build.BuildVerb object at 0x7f01744426d0>>, merge_install=False, metas=['./colcon.meta'], packages_above=None, packages_above_and_dependencies=None, packages_above_depth=None, packages_end=None, packages_ignore=None, packages_ignore_regex=None, packages_select=None, packages_select_build_failed=False, packages_select_by_dep=None, packages_select_regex=None, packages_select_test_failures=False, packages_skip=None, packages_skip_build_finished=False, packages_skip_by_dep=None, packages_skip_regex=None, packages_skip_test_passed=False, packages_skip_up_to=None, packages_start=None, packages_up_to=None, packages_up_to_regex=None, parallel_workers=8, paths=None, symlink_install=False, test_result_base=None, verb_extension=<colcon_core.verb.build.BuildVerb object at 0x7f01744426d0>, verb_name='build', verb_parser=<colcon_defaults.argument_parser.defaults.DefaultArgumentsDecorator object at 0x7f0174442c10>)
[0.225s] Level 1:colcon.colcon_core.package_discovery:discover_packages(colcon_meta) check parameters
[0.225s] Level 1:colcon.colcon_core.package_discovery:discover_packages(recursive) check parameters
[0.225s] Level 1:colcon.colcon_core.package_discovery:discover_packages(ignore) check parameters
[0.225s] Level 1:colcon.colcon_core.package_discovery:discover_packages(path) check parameters
[0.225s] Level 1:colcon.colcon_core.package_discovery:discover_packages(colcon_meta) discover
[0.225s] Level 1:colcon.colcon_core.package_discovery:discover_packages(recursive) discover
[0.225s] INFO:colcon.colcon_core.package_discovery:Crawling recursively for packages in '/home/alvaro/Documents/GitHub/IR2117/tb3_ws'
[0.225s] Level 1:colcon.colcon_core.package_identification:_identify(.) by extensions ['ignore', 'ignore_ament_install']
[0.225s] Level 1:colcon.colcon_core.package_identification:_identify(.) by extension 'ignore'
[0.225s] Level 1:colcon.colcon_core.package_identification:_identify(.) by extension 'ignore_ament_install'
[0.225s] Level 1:colcon.colcon_core.package_identification:_identify(.) by extensions ['colcon_pkg']
[0.225s] Level 1:colcon.colcon_core.package_identification:_identify(.) by extension 'colcon_pkg'
[0.225s] Level 1:colcon.colcon_core.package_identification:_identify(.) by extensions ['colcon_meta']
[0.225s] Level 1:colcon.colcon_core.package_identification:_identify(.) by extension 'colcon_meta'
[0.225s] Level 1:colcon.colcon_core.package_identification:_identify(.) by extensions ['ros']
[0.225s] Level 1:colcon.colcon_core.package_identification:_identify(.) by extension 'ros'
[0.240s] Level 1:colcon.colcon_core.package_identification:_identify(.) by extensions ['cmake', 'python']
[0.240s] Level 1:colcon.colcon_core.package_identification:_identify(.) by extension 'cmake'
[0.240s] Level 1:colcon.colcon_core.package_identification:_identify(.) by extension 'python'
[0.240s] Level 1:colcon.colcon_core.package_identification:_identify(.) by extensions ['python_setup_py']
[0.240s] Level 1:colcon.colcon_core.package_identification:_identify(.) by extension 'python_setup_py'
[0.240s] Level 1:colcon.colcon_core.package_identification:_identify(build) by extensions ['ignore', 'ignore_ament_install']
[0.241s] Level 1:colcon.colcon_core.package_identification:_identify(build) by extension 'ignore'
[0.241s] Level 1:colcon.colcon_core.package_identification:_identify(build) ignored
[0.241s] Level 1:colcon.colcon_core.package_identification:_identify(install) by extensions ['ignore', 'ignore_ament_install']
[0.241s] Level 1:colcon.colcon_core.package_identification:_identify(install) by extension 'ignore'
[0.241s] Level 1:colcon.colcon_core.package_identification:_identify(install) ignored
[0.241s] Level 1:colcon.colcon_core.package_identification:_identify(log) by extensions ['ignore', 'ignore_ament_install']
[0.241s] Level 1:colcon.colcon_core.package_identification:_identify(log) by extension 'ignore'
[0.241s] Level 1:colcon.colcon_core.package_identification:_identify(log) ignored
[0.241s] Level 1:colcon.colcon_core.package_identification:_identify(rosbag2_2023_03_28-11_59_49) by extensions ['ignore', 'ignore_ament_install']
[0.241s] Level 1:colcon.colcon_core.package_identification:_identify(rosbag2_2023_03_28-11_59_49) by extension 'ignore'
[0.241s] Level 1:colcon.colcon_core.package_identification:_identify(rosbag2_2023_03_28-11_59_49) by extension 'ignore_ament_install'
[0.241s] Level 1:colcon.colcon_core.package_identification:_identify(rosbag2_2023_03_28-11_59_49) by extensions ['colcon_pkg']
[0.241s] Level 1:colcon.colcon_core.package_identification:_identify(rosbag2_2023_03_28-11_59_49) by extension 'colcon_pkg'
[0.241s] Level 1:colcon.colcon_core.package_identification:_identify(rosbag2_2023_03_28-11_59_49) by extensions ['colcon_meta']
[0.241s] Level 1:colcon.colcon_core.package_identification:_identify(rosbag2_2023_03_28-11_59_49) by extension 'colcon_meta'
[0.241s] Level 1:colcon.colcon_core.package_identification:_identify(rosbag2_2023_03_28-11_59_49) by extensions ['ros']
[0.241s] Level 1:colcon.colcon_core.package_identification:_identify(rosbag2_2023_03_28-11_59_49) by extension 'ros'
[0.241s] Level 1:colcon.colcon_core.package_identification:_identify(rosbag2_2023_03_28-11_59_49) by extensions ['cmake', 'python']
[0.241s] Level 1:colcon.colcon_core.package_identification:_identify(rosbag2_2023_03_28-11_59_49) by extension 'cmake'
[0.241s] Level 1:colcon.colcon_core.package_identification:_identify(rosbag2_2023_03_28-11_59_49) by extension 'python'
[0.241s] Level 1:colcon.colcon_core.package_identification:_identify(rosbag2_2023_03_28-11_59_49) by extensions ['python_setup_py']
[0.241s] Level 1:colcon.colcon_core.package_identification:_identify(rosbag2_2023_03_28-11_59_49) by extension 'python_setup_py'
[0.241s] Level 1:colcon.colcon_core.package_identification:_identify(src) by extensions ['ignore', 'ignore_ament_install']
[0.242s] Level 1:colcon.colcon_core.package_identification:_identify(src) by extension 'ignore'
[0.242s] Level 1:colcon.colcon_core.package_identification:_identify(src) by extension 'ignore_ament_install'
[0.242s] Level 1:colcon.colcon_core.package_identification:_identify(src) by extensions ['colcon_pkg']
[0.242s] Level 1:colcon.colcon_core.package_identification:_identify(src) by extension 'colcon_pkg'
[0.242s] Level 1:colcon.colcon_core.package_identification:_identify(src) by extensions ['colcon_meta']
[0.242s] Level 1:colcon.colcon_core.package_identification:_identify(src) by extension 'colcon_meta'
[0.242s] Level 1:colcon.colcon_core.package_identification:_identify(src) by extensions ['ros']
[0.242s] Level 1:colcon.colcon_core.package_identification:_identify(src) by extension 'ros'
[0.242s] Level 1:colcon.colcon_core.package_identification:_identify(src) by extensions ['cmake', 'python']
[0.242s] Level 1:colcon.colcon_core.package_identification:_identify(src) by extension 'cmake'
[0.242s] Level 1:colcon.colcon_core.package_identification:_identify(src) by extension 'python'
[0.242s] Level 1:colcon.colcon_core.package_identification:_identify(src) by extensions ['python_setup_py']
[0.242s] Level 1:colcon.colcon_core.package_identification:_identify(src) by extension 'python_setup_py'
[0.242s] Level 1:colcon.colcon_core.package_identification:_identify(src/obstacles) by extensions ['ignore', 'ignore_ament_install']
[0.242s] Level 1:colcon.colcon_core.package_identification:_identify(src/obstacles) by extension 'ignore'
[0.242s] Level 1:colcon.colcon_core.package_identification:_identify(src/obstacles) by extension 'ignore_ament_install'
[0.242s] Level 1:colcon.colcon_core.package_identification:_identify(src/obstacles) by extensions ['colcon_pkg']
[0.242s] Level 1:colcon.colcon_core.package_identification:_identify(src/obstacles) by extension 'colcon_pkg'
[0.242s] Level 1:colcon.colcon_core.package_identification:_identify(src/obstacles) by extensions ['colcon_meta']
[0.242s] Level 1:colcon.colcon_core.package_identification:_identify(src/obstacles) by extension 'colcon_meta'
[0.242s] Level 1:colcon.colcon_core.package_identification:_identify(src/obstacles) by extensions ['ros']
[0.242s] Level 1:colcon.colcon_core.package_identification:_identify(src/obstacles) by extension 'ros'
[0.244s] DEBUG:colcon.colcon_core.package_identification:Package 'src/obstacles' with type 'ros.ament_cmake' and name 'obstacles'
[0.244s] Level 1:colcon.colcon_core.package_identification:_identify(src/robot_trajectory) by extensions ['ignore', 'ignore_ament_install']
[0.244s] Level 1:colcon.colcon_core.package_identification:_identify(src/robot_trajectory) by extension 'ignore'
[0.244s] Level 1:colcon.colcon_core.package_identification:_identify(src/robot_trajectory) by extension 'ignore_ament_install'
[0.244s] Level 1:colcon.colcon_core.package_identification:_identify(src/robot_trajectory) by extensions ['colcon_pkg']
[0.244s] Level 1:colcon.colcon_core.package_identification:_identify(src/robot_trajectory) by extension 'colcon_pkg'
[0.244s] Level 1:colcon.colcon_core.package_identification:_identify(src/robot_trajectory) by extensions ['colcon_meta']
[0.244s] Level 1:colcon.colcon_core.package_identification:_identify(src/robot_trajectory) by extension 'colcon_meta'
[0.244s] Level 1:colcon.colcon_core.package_identification:_identify(src/robot_trajectory) by extensions ['ros']
[0.244s] Level 1:colcon.colcon_core.package_identification:_identify(src/robot_trajectory) by extension 'ros'
[0.245s] DEBUG:colcon.colcon_core.package_identification:Package 'src/robot_trajectory' with type 'ros.ament_cmake' and name 'robot_trajectory'
[0.245s] Level 1:colcon.colcon_core.package_discovery:discover_packages(recursive) using defaults
[0.245s] Level 1:colcon.colcon_core.package_discovery:discover_packages(ignore) discover
[0.245s] Level 1:colcon.colcon_core.package_discovery:discover_packages(ignore) using defaults
[0.245s] Level 1:colcon.colcon_core.package_discovery:discover_packages(path) discover
[0.245s] Level 1:colcon.colcon_core.package_discovery:discover_packages(path) using defaults
[0.259s] Level 1:colcon.colcon_core.package_discovery:discover_packages(prefix_path) check parameters
[0.259s] Level 1:colcon.colcon_core.package_discovery:discover_packages(prefix_path) discover
[0.261s] DEBUG:colcon.colcon_installed_package_information.package_discovery:Found 2 installed packages in /home/alvaro/Documents/GitHub/IR2117/tb3_ws/install
[0.263s] DEBUG:colcon.colcon_installed_package_information.package_discovery:Found 336 installed packages in /opt/ros/foxy
[0.264s] Level 1:colcon.colcon_core.package_discovery:discover_packages(prefix_path) using defaults
[0.316s] Level 5:colcon.colcon_core.verb:set package 'obstacles' build argument 'cmake_args' from command line to 'None'
[0.316s] Level 5:colcon.colcon_core.verb:set package 'obstacles' build argument 'cmake_target' from command line to 'None'
[0.317s] Level 5:colcon.colcon_core.verb:set package 'obstacles' build argument 'cmake_target_skip_unavailable' from command line to 'False'
[0.317s] Level 5:colcon.colcon_core.verb:set package 'obstacles' build argument 'cmake_clean_cache' from command line to 'False'
[0.317s] Level 5:colcon.colcon_core.verb:set package 'obstacles' build argument 'cmake_clean_first' from command line to 'False'
[0.317s] Level 5:colcon.colcon_core.verb:set package 'obstacles' build argument 'cmake_force_configure' from command line to 'False'
[0.317s] Level 5:colcon.colcon_core.verb:set package 'obstacles' build argument 'ament_cmake_args' from command line to 'None'
[0.317s] Level 5:colcon.colcon_core.verb:set package 'obstacles' build argument 'catkin_cmake_args' from command line to 'None'
[0.317s] Level 5:colcon.colcon_core.verb:set package 'obstacles' build argument 'catkin_skip_building_tests' from command line to 'False'
[0.317s] DEBUG:colcon.colcon_core.verb:Building package 'obstacles' with the following arguments: {'ament_cmake_args': None, 'build_base': '/home/alvaro/Documents/GitHub/IR2117/tb3_ws/build/obstacles', 'catkin_cmake_args': None, 'catkin_skip_building_tests': False, 'cmake_args': None, 'cmake_clean_cache': False, 'cmake_clean_first': False, 'cmake_force_configure': False, 'cmake_target': None, 'cmake_target_skip_unavailable': False, 'install_base': '/home/alvaro/Documents/GitHub/IR2117/tb3_ws/install/obstacles', 'merge_install': False, 'path': '/home/alvaro/Documents/GitHub/IR2117/tb3_ws/src/obstacles', 'symlink_install': False, 'test_result_base': None}
[0.317s] Level 5:colcon.colcon_core.verb:set package 'robot_trajectory' build argument 'cmake_args' from command line to 'None'
[0.317s] Level 5:colcon.colcon_core.verb:set package 'robot_trajectory' build argument 'cmake_target' from command line to 'None'
[0.317s] Level 5:colcon.colcon_core.verb:set package 'robot_trajectory' build argument 'cmake_target_skip_unavailable' from command line to 'False'
[0.317s] Level 5:colcon.colcon_core.verb:set package 'robot_trajectory' build argument 'cmake_clean_cache' from command line to 'False'
[0.317s] Level 5:colcon.colcon_core.verb:set package 'robot_trajectory' build argument 'cmake_clean_first' from command line to 'False'
[0.317s] Level 5:colcon.colcon_core.verb:set package 'robot_trajectory' build argument 'cmake_force_configure' from command line to 'False'
[0.317s] Level 5:colcon.colcon_core.verb:set package 'robot_trajectory' build argument 'ament_cmake_args' from command line to 'None'
[0.317s] Level 5:colcon.colcon_core.verb:set package 'robot_trajectory' build argument 'catkin_cmake_args' from command line to 'None'
[0.317s] Level 5:colcon.colcon_core.verb:set package 'robot_trajectory' build argument 'catkin_skip_building_tests' from command line to 'False'
[0.317s] DEBUG:colcon.colcon_core.verb:Building package 'robot_trajectory' with the following arguments: {'ament_cmake_args': None, 'build_base': '/home/alvaro/Documents/GitHub/IR2117/tb3_ws/build/robot_trajectory', 'catkin_cmake_args': None, 'catkin_skip_building_tests': False, 'cmake_args': None, 'cmake_clean_cache': False, 'cmake_clean_first': False, 'cmake_force_configure': False, 'cmake_target': None, 'cmake_target_skip_unavailable': False, 'install_base': '/home/alvaro/Documents/GitHub/IR2117/tb3_ws/install/robot_trajectory', 'merge_install': False, 'path': '/home/alvaro/Documents/GitHub/IR2117/tb3_ws/src/robot_trajectory', 'symlink_install': False, 'test_result_base': None}
[0.318s] INFO:colcon.colcon_core.executor:Executing jobs using 'parallel' executor
[0.320s] DEBUG:colcon.colcon_parallel_executor.executor.parallel:run_until_complete
[0.320s] INFO:colcon.colcon_ros.task.ament_cmake.build:Building ROS package in '/home/alvaro/Documents/GitHub/IR2117/tb3_ws/src/obstacles' with build type 'ament_cmake'
[0.321s] INFO:colcon.colcon_cmake.task.cmake.build:Building CMake package in '/home/alvaro/Documents/GitHub/IR2117/tb3_ws/src/obstacles'
[0.323s] INFO:colcon.colcon_core.plugin_system:Skipping extension 'colcon_core.shell.bat': Not used on non-Windows systems
[0.323s] INFO:colcon.colcon_core.shell:Skip shell extension 'powershell' for command environment: Not usable outside of PowerShell
[0.323s] DEBUG:colcon.colcon_core.shell:Skip shell extension 'dsv' for command environment
[0.355s] INFO:colcon.colcon_ros.task.ament_cmake.build:Building ROS package in '/home/alvaro/Documents/GitHub/IR2117/tb3_ws/src/robot_trajectory' with build type 'ament_cmake'
[0.356s] INFO:colcon.colcon_cmake.task.cmake.build:Building CMake package in '/home/alvaro/Documents/GitHub/IR2117/tb3_ws/src/robot_trajectory'
[0.358s] INFO:colcon.colcon_core.shell:Skip shell extension 'powershell' for command environment: Not usable outside of PowerShell
[0.358s] DEBUG:colcon.colcon_core.shell:Skip shell extension 'dsv' for command environment
[0.371s] DEBUG:colcon.colcon_core.event_handler.log_command:Invoking command in '/home/alvaro/Documents/GitHub/IR2117/tb3_ws/build/obstacles': CMAKE_PREFIX_PATH=${CMAKE_PREFIX_PATH}:/opt/ros/foxy /usr/bin/cmake --build /home/alvaro/Documents/GitHub/IR2117/tb3_ws/build/obstacles -- -j8 -l8
[0.375s] DEBUG:colcon.colcon_core.event_handler.log_command:Invoking command in '/home/alvaro/Documents/GitHub/IR2117/tb3_ws/build/robot_trajectory': CMAKE_PREFIX_PATH=${CMAKE_PREFIX_PATH}:/opt/ros/foxy /usr/bin/cmake --build /home/alvaro/Documents/GitHub/IR2117/tb3_ws/build/robot_trajectory -- -j8 -l8
[0.441s] DEBUG:colcon.colcon_core.event_handler.log_command:Invoked command in '/home/alvaro/Documents/GitHub/IR2117/tb3_ws/build/robot_trajectory' returned '0': CMAKE_PREFIX_PATH=${CMAKE_PREFIX_PATH}:/opt/ros/foxy /usr/bin/cmake --build /home/alvaro/Documents/GitHub/IR2117/tb3_ws/build/robot_trajectory -- -j8 -l8
[0.475s] DEBUG:colcon.colcon_core.event_handler.log_command:Invoking command in '/home/alvaro/Documents/GitHub/IR2117/tb3_ws/build/robot_trajectory': CMAKE_PREFIX_PATH=${CMAKE_PREFIX_PATH}:/opt/ros/foxy /usr/bin/cmake --install /home/alvaro/Documents/GitHub/IR2117/tb3_ws/build/robot_trajectory
[0.484s] Level 1:colcon.colcon_core.environment:create_environment_scripts_only(robot_trajectory)
[0.485s] DEBUG:colcon.colcon_core.event_handler.log_command:Invoked command in '/home/alvaro/Documents/GitHub/IR2117/tb3_ws/build/robot_trajectory' returned '0': CMAKE_PREFIX_PATH=${CMAKE_PREFIX_PATH}:/opt/ros/foxy /usr/bin/cmake --install /home/alvaro/Documents/GitHub/IR2117/tb3_ws/build/robot_trajectory
[0.491s] Level 1:colcon.colcon_core.environment:checking '/home/alvaro/Documents/GitHub/IR2117/tb3_ws/install/robot_trajectory' for CMake module files
[0.492s] Level 1:colcon.colcon_core.environment:checking '/home/alvaro/Documents/GitHub/IR2117/tb3_ws/install/robot_trajectory' for CMake config files
[0.492s] Level 1:colcon.colcon_core.shell:create_environment_hook('robot_trajectory', 'cmake_prefix_path')
[0.494s] INFO:colcon.colcon_core.shell:Creating environment hook '/home/alvaro/Documents/GitHub/IR2117/tb3_ws/install/robot_trajectory/share/robot_trajectory/hook/cmake_prefix_path.ps1'
[0.495s] INFO:colcon.colcon_core.shell:Creating environment descriptor '/home/alvaro/Documents/GitHub/IR2117/tb3_ws/install/robot_trajectory/share/robot_trajectory/hook/cmake_prefix_path.dsv'
[0.495s] INFO:colcon.colcon_core.shell:Creating environment hook '/home/alvaro/Documents/GitHub/IR2117/tb3_ws/install/robot_trajectory/share/robot_trajectory/hook/cmake_prefix_path.sh'
[0.496s] Level 1:colcon.colcon_core.environment:checking '/home/alvaro/Documents/GitHub/IR2117/tb3_ws/install/robot_trajectory/lib'
[0.496s] Level 1:colcon.colcon_core.environment:checking '/home/alvaro/Documents/GitHub/IR2117/tb3_ws/install/robot_trajectory/bin'
[0.496s] Level 1:colcon.colcon_core.environment:checking '/home/alvaro/Documents/GitHub/IR2117/tb3_ws/install/robot_trajectory/lib/pkgconfig/robot_trajectory.pc'
[0.496s] Level 1:colcon.colcon_core.environment:checking '/home/alvaro/Documents/GitHub/IR2117/tb3_ws/install/robot_trajectory/lib/python3.8/site-packages'
[0.497s] Level 1:colcon.colcon_core.environment:checking '/home/alvaro/Documents/GitHub/IR2117/tb3_ws/install/robot_trajectory/bin'
[0.498s] INFO:colcon.colcon_core.shell:Creating package script '/home/alvaro/Documents/GitHub/IR2117/tb3_ws/install/robot_trajectory/share/robot_trajectory/package.ps1'
[0.499s] INFO:colcon.colcon_core.shell:Creating package descriptor '/home/alvaro/Documents/GitHub/IR2117/tb3_ws/install/robot_trajectory/share/robot_trajectory/package.dsv'
[0.500s] INFO:colcon.colcon_core.shell:Creating package script '/home/alvaro/Documents/GitHub/IR2117/tb3_ws/install/robot_trajectory/share/robot_trajectory/package.sh'
[0.500s] INFO:colcon.colcon_core.shell:Creating package script '/home/alvaro/Documents/GitHub/IR2117/tb3_ws/install/robot_trajectory/share/robot_trajectory/package.bash'
[0.501s] INFO:colcon.colcon_core.shell:Creating package script '/home/alvaro/Documents/GitHub/IR2117/tb3_ws/install/robot_trajectory/share/robot_trajectory/package.zsh'
[0.502s] Level 1:colcon.colcon_core.environment:create_file_with_runtime_dependencies(/home/alvaro/Documents/GitHub/IR2117/tb3_ws/install/robot_trajectory/share/colcon-core/packages/robot_trajectory)
[0.524s] Level 1:colcon.colcon_core.environment:create_environment_scripts_only(robot_trajectory)
[0.526s] Level 1:colcon.colcon_core.environment:checking '/home/alvaro/Documents/GitHub/IR2117/tb3_ws/install/robot_trajectory' for CMake module files
[0.527s] Level 1:colcon.colcon_core.environment:checking '/home/alvaro/Documents/GitHub/IR2117/tb3_ws/install/robot_trajectory' for CMake config files
[0.527s] Level 1:colcon.colcon_core.shell:create_environment_hook('robot_trajectory', 'cmake_prefix_path')
[0.529s] INFO:colcon.colcon_core.shell:Creating environment hook '/home/alvaro/Documents/GitHub/IR2117/tb3_ws/install/robot_trajectory/share/robot_trajectory/hook/cmake_prefix_path.ps1'
[0.529s] INFO:colcon.colcon_core.shell:Creating environment descriptor '/home/alvaro/Documents/GitHub/IR2117/tb3_ws/install/robot_trajectory/share/robot_trajectory/hook/cmake_prefix_path.dsv'
[0.530s] INFO:colcon.colcon_core.shell:Creating environment hook '/home/alvaro/Documents/GitHub/IR2117/tb3_ws/install/robot_trajectory/share/robot_trajectory/hook/cmake_prefix_path.sh'
[0.530s] Level 1:colcon.colcon_core.environment:checking '/home/alvaro/Documents/GitHub/IR2117/tb3_ws/install/robot_trajectory/lib'
[0.531s] Level 1:colcon.colcon_core.environment:checking '/home/alvaro/Documents/GitHub/IR2117/tb3_ws/install/robot_trajectory/bin'
[0.531s] Level 1:colcon.colcon_core.environment:checking '/home/alvaro/Documents/GitHub/IR2117/tb3_ws/install/robot_trajectory/lib/pkgconfig/robot_trajectory.pc'
[0.531s] Level 1:colcon.colcon_core.environment:checking '/home/alvaro/Documents/GitHub/IR2117/tb3_ws/install/robot_trajectory/lib/python3.8/site-packages'
[0.531s] Level 1:colcon.colcon_core.environment:checking '/home/alvaro/Documents/GitHub/IR2117/tb3_ws/install/robot_trajectory/bin'
[0.533s] INFO:colcon.colcon_core.shell:Creating package script '/home/alvaro/Documents/GitHub/IR2117/tb3_ws/install/robot_trajectory/share/robot_trajectory/package.ps1'
[0.534s] INFO:colcon.colcon_core.shell:Creating package descriptor '/home/alvaro/Documents/GitHub/IR2117/tb3_ws/install/robot_trajectory/share/robot_trajectory/package.dsv'
[0.534s] INFO:colcon.colcon_core.shell:Creating package script '/home/alvaro/Documents/GitHub/IR2117/tb3_ws/install/robot_trajectory/share/robot_trajectory/package.sh'
[0.534s] INFO:colcon.colcon_core.shell:Creating package script '/home/alvaro/Documents/GitHub/IR2117/tb3_ws/install/robot_trajectory/share/robot_trajectory/package.bash'
[0.535s] INFO:colcon.colcon_core.shell:Creating package script '/home/alvaro/Documents/GitHub/IR2117/tb3_ws/install/robot_trajectory/share/robot_trajectory/package.zsh'
[0.535s] Level 1:colcon.colcon_core.environment:create_file_with_runtime_dependencies(/home/alvaro/Documents/GitHub/IR2117/tb3_ws/install/robot_trajectory/share/colcon-core/packages/robot_trajectory)
[4.379s] DEBUG:colcon.colcon_core.event_handler.log_command:Invoked command in '/home/alvaro/Documents/GitHub/IR2117/tb3_ws/build/obstacles' returned '2': CMAKE_PREFIX_PATH=${CMAKE_PREFIX_PATH}:/opt/ros/foxy /usr/bin/cmake --build /home/alvaro/Documents/GitHub/IR2117/tb3_ws/build/obstacles -- -j8 -l8
[4.398s] Level 1:colcon.colcon_core.environment:create_environment_scripts_only(obstacles)
[4.400s] Level 1:colcon.colcon_core.environment:checking '/home/alvaro/Documents/GitHub/IR2117/tb3_ws/install/obstacles' for CMake module files
[4.400s] Level 1:colcon.colcon_core.environment:checking '/home/alvaro/Documents/GitHub/IR2117/tb3_ws/install/obstacles' for CMake config files
[4.400s] Level 1:colcon.colcon_core.shell:create_environment_hook('obstacles', 'cmake_prefix_path')
[4.401s] INFO:colcon.colcon_core.shell:Creating environment hook '/home/alvaro/Documents/GitHub/IR2117/tb3_ws/install/obstacles/share/obstacles/hook/cmake_prefix_path.ps1'
[4.402s] INFO:colcon.colcon_core.shell:Creating environment descriptor '/home/alvaro/Documents/GitHub/IR2117/tb3_ws/install/obstacles/share/obstacles/hook/cmake_prefix_path.dsv'
[4.402s] INFO:colcon.colcon_core.shell:Creating environment hook '/home/alvaro/Documents/GitHub/IR2117/tb3_ws/install/obstacles/share/obstacles/hook/cmake_prefix_path.sh'
[4.402s] Level 1:colcon.colcon_core.environment:checking '/home/alvaro/Documents/GitHub/IR2117/tb3_ws/install/obstacles/lib'
[4.402s] Level 1:colcon.colcon_core.environment:checking '/home/alvaro/Documents/GitHub/IR2117/tb3_ws/install/obstacles/bin'
[4.402s] Level 1:colcon.colcon_core.environment:checking '/home/alvaro/Documents/GitHub/IR2117/tb3_ws/install/obstacles/lib/pkgconfig/obstacles.pc'
[4.402s] Level 1:colcon.colcon_core.environment:checking '/home/alvaro/Documents/GitHub/IR2117/tb3_ws/install/obstacles/lib/python3.8/site-packages'
[4.403s] Level 1:colcon.colcon_core.environment:checking '/home/alvaro/Documents/GitHub/IR2117/tb3_ws/install/obstacles/bin'
[4.404s] INFO:colcon.colcon_core.shell:Creating package script '/home/alvaro/Documents/GitHub/IR2117/tb3_ws/install/obstacles/share/obstacles/package.ps1'
[4.404s] INFO:colcon.colcon_core.shell:Creating package descriptor '/home/alvaro/Documents/GitHub/IR2117/tb3_ws/install/obstacles/share/obstacles/package.dsv'
[4.404s] INFO:colcon.colcon_core.shell:Creating package script '/home/alvaro/Documents/GitHub/IR2117/tb3_ws/install/obstacles/share/obstacles/package.sh'
[4.405s] INFO:colcon.colcon_core.shell:Creating package script '/home/alvaro/Documents/GitHub/IR2117/tb3_ws/install/obstacles/share/obstacles/package.bash'
[4.405s] INFO:colcon.colcon_core.shell:Creating package script '/home/alvaro/Documents/GitHub/IR2117/tb3_ws/install/obstacles/share/obstacles/package.zsh'
[4.405s] Level 1:colcon.colcon_core.environment:create_file_with_runtime_dependencies(/home/alvaro/Documents/GitHub/IR2117/tb3_ws/install/obstacles/share/colcon-core/packages/obstacles)
[4.416s] DEBUG:colcon.colcon_parallel_executor.executor.parallel:closing loop
[4.416s] DEBUG:colcon.colcon_parallel_executor.executor.parallel:loop closed
[4.416s] DEBUG:colcon.colcon_parallel_executor.executor.parallel:run_until_complete finished with '2'
[4.416s] DEBUG:colcon.colcon_core.event_reactor:joining thread
[4.422s] INFO:colcon.colcon_core.plugin_system:Skipping extension 'colcon_notification.desktop_notification.terminal_notifier': Not used on non-Darwin systems
[4.422s] INFO:colcon.colcon_core.plugin_system:Skipping extension 'colcon_notification.desktop_notification.win32': Not used on non-Windows systems
[4.422s] INFO:colcon.colcon_notification.desktop_notification:Sending desktop notification using 'notify2'
[4.433s] DEBUG:colcon.colcon_core.event_reactor:joined thread
[4.434s] INFO:colcon.colcon_core.shell:Creating prefix script '/home/alvaro/Documents/GitHub/IR2117/tb3_ws/install/local_setup.ps1'
[4.435s] INFO:colcon.colcon_core.shell:Creating prefix util module '/home/alvaro/Documents/GitHub/IR2117/tb3_ws/install/_local_setup_util_ps1.py'
[4.436s] INFO:colcon.colcon_core.shell:Creating prefix chain script '/home/alvaro/Documents/GitHub/IR2117/tb3_ws/install/setup.ps1'
[4.437s] INFO:colcon.colcon_core.shell:Creating prefix script '/home/alvaro/Documents/GitHub/IR2117/tb3_ws/install/local_setup.sh'
[4.438s] INFO:colcon.colcon_core.shell:Creating prefix util module '/home/alvaro/Documents/GitHub/IR2117/tb3_ws/install/_local_setup_util_sh.py'
[4.438s] INFO:colcon.colcon_core.shell:Creating prefix chain script '/home/alvaro/Documents/GitHub/IR2117/tb3_ws/install/setup.sh'
[4.439s] INFO:colcon.colcon_core.shell:Creating prefix script '/home/alvaro/Documents/GitHub/IR2117/tb3_ws/install/local_setup.bash'
[4.439s] INFO:colcon.colcon_core.shell:Creating prefix chain script '/home/alvaro/Documents/GitHub/IR2117/tb3_ws/install/setup.bash'
[4.440s] INFO:colcon.colcon_core.shell:Creating prefix script '/home/alvaro/Documents/GitHub/IR2117/tb3_ws/install/local_setup.zsh'
[4.441s] INFO:colcon.colcon_core.shell:Creating prefix chain script '/home/alvaro/Documents/GitHub/IR2117/tb3_ws/install/setup.zsh'
