[0.017s] Invoking command in '/home/usuario/Documentos/GitHub/IR2117/ros2_ws/build/examples_topics': CMAKE_PREFIX_PATH=/opt/ros/foxy /usr/bin/cmake --build /home/usuario/Documentos/GitHub/IR2117/ros2_ws/build/examples_topics -- -j6 -l6
[0.067s] [ 50%] [32mBuilding CXX object CMakeFiles/publisher.dir/publisher.cpp.o[0m
[0.067s] [ 50%] [32mBuilding CXX object CMakeFiles/subscriber.dir/subscriber.cpp.o[0m
[2.514s] [ 75%] [32m[1mLinking CXX executable publisher[0m
[2.749s] [ 75%] Built target publisher
[4.170s] [100%] [32m[1mLinking CXX executable subscriber[0m
[4.620s] [100%] Built target subscriber
[4.631s] Invoked command in '/home/usuario/Documentos/GitHub/IR2117/ros2_ws/build/examples_topics' returned '0': CMAKE_PREFIX_PATH=/opt/ros/foxy /usr/bin/cmake --build /home/usuario/Documentos/GitHub/IR2117/ros2_ws/build/examples_topics -- -j6 -l6
[4.664s] Invoking command in '/home/usuario/Documentos/GitHub/IR2117/ros2_ws/build/examples_topics': CMAKE_PREFIX_PATH=/opt/ros/foxy /usr/bin/cmake --install /home/usuario/Documentos/GitHub/IR2117/ros2_ws/build/examples_topics
[4.671s] -- Install configuration: ""
[4.671s] -- Installing: /home/usuario/Documentos/GitHub/IR2117/ros2_ws/install/examples_topics/lib/examples_topics/publisher
[4.684s] -- Set runtime path of "/home/usuario/Documentos/GitHub/IR2117/ros2_ws/install/examples_topics/lib/examples_topics/publisher" to ""
[4.684s] -- Installing: /home/usuario/Documentos/GitHub/IR2117/ros2_ws/install/examples_topics/lib/examples_topics/subscriber
[4.704s] -- Set runtime path of "/home/usuario/Documentos/GitHub/IR2117/ros2_ws/install/examples_topics/lib/examples_topics/subscriber" to ""
[4.704s] -- Installing: /home/usuario/Documentos/GitHub/IR2117/ros2_ws/install/examples_topics/share/ament_index/resource_index/package_run_dependencies/examples_topics
[4.704s] -- Installing: /home/usuario/Documentos/GitHub/IR2117/ros2_ws/install/examples_topics/share/ament_index/resource_index/parent_prefix_path/examples_topics
[4.705s] -- Installing: /home/usuario/Documentos/GitHub/IR2117/ros2_ws/install/examples_topics/share/examples_topics/environment/ament_prefix_path.sh
[4.705s] -- Installing: /home/usuario/Documentos/GitHub/IR2117/ros2_ws/install/examples_topics/share/examples_topics/environment/ament_prefix_path.dsv
[4.705s] -- Installing: /home/usuario/Documentos/GitHub/IR2117/ros2_ws/install/examples_topics/share/examples_topics/environment/path.sh
[4.706s] -- Installing: /home/usuario/Documentos/GitHub/IR2117/ros2_ws/install/examples_topics/share/examples_topics/environment/path.dsv
[4.706s] -- Installing: /home/usuario/Documentos/GitHub/IR2117/ros2_ws/install/examples_topics/share/examples_topics/local_setup.bash
[4.706s] -- Installing: /home/usuario/Documentos/GitHub/IR2117/ros2_ws/install/examples_topics/share/examples_topics/local_setup.sh
[4.707s] -- Installing: /home/usuario/Documentos/GitHub/IR2117/ros2_ws/install/examples_topics/share/examples_topics/local_setup.zsh
[4.707s] -- Installing: /home/usuario/Documentos/GitHub/IR2117/ros2_ws/install/examples_topics/share/examples_topics/local_setup.dsv
[4.708s] -- Installing: /home/usuario/Documentos/GitHub/IR2117/ros2_ws/install/examples_topics/share/examples_topics/package.dsv
[4.708s] -- Installing: /home/usuario/Documentos/GitHub/IR2117/ros2_ws/install/examples_topics/share/ament_index/resource_index/packages/examples_topics
[4.709s] -- Installing: /home/usuario/Documentos/GitHub/IR2117/ros2_ws/install/examples_topics/share/examples_topics/cmake/examples_topicsConfig.cmake
[4.709s] -- Installing: /home/usuario/Documentos/GitHub/IR2117/ros2_ws/install/examples_topics/share/examples_topics/cmake/examples_topicsConfig-version.cmake
[4.710s] -- Installing: /home/usuario/Documentos/GitHub/IR2117/ros2_ws/install/examples_topics/share/examples_topics/package.xml
[4.712s] Invoked command in '/home/usuario/Documentos/GitHub/IR2117/ros2_ws/build/examples_topics' returned '0': CMAKE_PREFIX_PATH=/opt/ros/foxy /usr/bin/cmake --install /home/usuario/Documentos/GitHub/IR2117/ros2_ws/build/examples_topics
