[0.018s] Invoking command in '/home/alvaro/Documents/GitHub/IR2117/ros2_ws/build/examples_sum': CMAKE_PREFIX_PATH=${CMAKE_PREFIX_PATH}:/opt/ros/foxy /usr/bin/cmake --build /home/alvaro/Documents/GitHub/IR2117/ros2_ws/build/examples_sum -- -j8 -l8
[0.054s] [35m[1mScanning dependencies of target sum[0m
[0.073s] [ 50%] [32mBuilding CXX object CMakeFiles/sum.dir/sum.cpp.o[0m
[3.144s] [100%] [32m[1mLinking CXX executable sum[0m
[3.296s] [100%] Built target sum
[3.309s] Invoked command in '/home/alvaro/Documents/GitHub/IR2117/ros2_ws/build/examples_sum' returned '0': CMAKE_PREFIX_PATH=${CMAKE_PREFIX_PATH}:/opt/ros/foxy /usr/bin/cmake --build /home/alvaro/Documents/GitHub/IR2117/ros2_ws/build/examples_sum -- -j8 -l8
[3.328s] Invoking command in '/home/alvaro/Documents/GitHub/IR2117/ros2_ws/build/examples_sum': CMAKE_PREFIX_PATH=${CMAKE_PREFIX_PATH}:/opt/ros/foxy /usr/bin/cmake --install /home/alvaro/Documents/GitHub/IR2117/ros2_ws/build/examples_sum
[3.334s] -- Install configuration: ""
[3.334s] -- Installing: /home/alvaro/Documents/GitHub/IR2117/ros2_ws/install/examples_sum/lib/examples_sum/sum
[3.336s] -- Set runtime path of "/home/alvaro/Documents/GitHub/IR2117/ros2_ws/install/examples_sum/lib/examples_sum/sum" to ""
[3.336s] -- Up-to-date: /home/alvaro/Documents/GitHub/IR2117/ros2_ws/install/examples_sum/share/ament_index/resource_index/package_run_dependencies/examples_sum
[3.336s] -- Up-to-date: /home/alvaro/Documents/GitHub/IR2117/ros2_ws/install/examples_sum/share/ament_index/resource_index/parent_prefix_path/examples_sum
[3.336s] -- Up-to-date: /home/alvaro/Documents/GitHub/IR2117/ros2_ws/install/examples_sum/share/examples_sum/environment/ament_prefix_path.sh
[3.337s] -- Up-to-date: /home/alvaro/Documents/GitHub/IR2117/ros2_ws/install/examples_sum/share/examples_sum/environment/ament_prefix_path.dsv
[3.337s] -- Up-to-date: /home/alvaro/Documents/GitHub/IR2117/ros2_ws/install/examples_sum/share/examples_sum/environment/path.sh
[3.337s] -- Up-to-date: /home/alvaro/Documents/GitHub/IR2117/ros2_ws/install/examples_sum/share/examples_sum/environment/path.dsv
[3.337s] -- Up-to-date: /home/alvaro/Documents/GitHub/IR2117/ros2_ws/install/examples_sum/share/examples_sum/local_setup.bash
[3.337s] -- Up-to-date: /home/alvaro/Documents/GitHub/IR2117/ros2_ws/install/examples_sum/share/examples_sum/local_setup.sh
[3.337s] -- Up-to-date: /home/alvaro/Documents/GitHub/IR2117/ros2_ws/install/examples_sum/share/examples_sum/local_setup.zsh
[3.337s] -- Up-to-date: /home/alvaro/Documents/GitHub/IR2117/ros2_ws/install/examples_sum/share/examples_sum/local_setup.dsv
[3.337s] -- Installing: /home/alvaro/Documents/GitHub/IR2117/ros2_ws/install/examples_sum/share/examples_sum/package.dsv
[3.337s] -- Up-to-date: /home/alvaro/Documents/GitHub/IR2117/ros2_ws/install/examples_sum/share/ament_index/resource_index/packages/examples_sum
[3.337s] -- Up-to-date: /home/alvaro/Documents/GitHub/IR2117/ros2_ws/install/examples_sum/share/examples_sum/cmake/examples_sumConfig.cmake
[3.337s] -- Up-to-date: /home/alvaro/Documents/GitHub/IR2117/ros2_ws/install/examples_sum/share/examples_sum/cmake/examples_sumConfig-version.cmake
[3.338s] -- Up-to-date: /home/alvaro/Documents/GitHub/IR2117/ros2_ws/install/examples_sum/share/examples_sum/package.xml
[3.341s] Invoked command in '/home/alvaro/Documents/GitHub/IR2117/ros2_ws/build/examples_sum' returned '0': CMAKE_PREFIX_PATH=${CMAKE_PREFIX_PATH}:/opt/ros/foxy /usr/bin/cmake --install /home/alvaro/Documents/GitHub/IR2117/ros2_ws/build/examples_sum
