[0.228s] DEBUG:colcon:Command line arguments: ['/usr/bin/colcon', 'build']
[0.228s] DEBUG:colcon:Parsed command line arguments: Namespace(allow_overriding=[], ament_cmake_args=None, base_paths=['.'], build_base='build', catkin_cmake_args=None, catkin_skip_building_tests=False, cmake_args=None, cmake_clean_cache=False, cmake_clean_first=False, cmake_force_configure=False, cmake_target=None, cmake_target_skip_unavailable=False, continue_on_error=False, event_handlers=None, executor='parallel', ignore_user_meta=False, install_base='install', log_base=None, log_level=None, main=<bound method BuildVerb.main of <colcon_core.verb.build.BuildVerb object at 0x7fcd282bfac0>>, merge_install=False, metas=['./colcon.meta'], packages_above=None, packages_above_and_dependencies=None, packages_above_depth=None, packages_end=None, packages_ignore=None, packages_ignore_regex=None, packages_select=None, packages_select_build_failed=False, packages_select_by_dep=None, packages_select_regex=None, packages_select_test_failures=False, packages_skip=None, packages_skip_build_finished=False, packages_skip_by_dep=None, packages_skip_regex=None, packages_skip_test_passed=False, packages_skip_up_to=None, packages_start=None, packages_up_to=None, packages_up_to_regex=None, parallel_workers=8, paths=None, symlink_install=False, test_result_base=None, verb_extension=<colcon_core.verb.build.BuildVerb object at 0x7fcd282bfac0>, verb_name='build', verb_parser=<colcon_defaults.argument_parser.defaults.DefaultArgumentsDecorator object at 0x7fcd282c9070>)
[0.252s] Level 1:colcon.colcon_core.package_discovery:discover_packages(colcon_meta) check parameters
[0.252s] Level 1:colcon.colcon_core.package_discovery:discover_packages(recursive) check parameters
[0.252s] Level 1:colcon.colcon_core.package_discovery:discover_packages(ignore) check parameters
[0.252s] Level 1:colcon.colcon_core.package_discovery:discover_packages(path) check parameters
[0.252s] Level 1:colcon.colcon_core.package_discovery:discover_packages(colcon_meta) discover
[0.253s] Level 1:colcon.colcon_core.package_discovery:discover_packages(recursive) discover
[0.253s] INFO:colcon.colcon_core.package_discovery:Crawling recursively for packages in '/home/alvaro/Documents/GitHub/IR2117/ros2_ws'
[0.253s] Level 1:colcon.colcon_core.package_identification:_identify(.) by extensions ['ignore', 'ignore_ament_install']
[0.253s] Level 1:colcon.colcon_core.package_identification:_identify(.) by extension 'ignore'
[0.253s] Level 1:colcon.colcon_core.package_identification:_identify(.) by extension 'ignore_ament_install'
[0.253s] Level 1:colcon.colcon_core.package_identification:_identify(.) by extensions ['colcon_pkg']
[0.253s] Level 1:colcon.colcon_core.package_identification:_identify(.) by extension 'colcon_pkg'
[0.253s] Level 1:colcon.colcon_core.package_identification:_identify(.) by extensions ['colcon_meta']
[0.253s] Level 1:colcon.colcon_core.package_identification:_identify(.) by extension 'colcon_meta'
[0.253s] Level 1:colcon.colcon_core.package_identification:_identify(.) by extensions ['ros']
[0.253s] Level 1:colcon.colcon_core.package_identification:_identify(.) by extension 'ros'
[0.267s] Level 1:colcon.colcon_core.package_identification:_identify(.) by extensions ['cmake', 'python']
[0.268s] Level 1:colcon.colcon_core.package_identification:_identify(.) by extension 'cmake'
[0.268s] Level 1:colcon.colcon_core.package_identification:_identify(.) by extension 'python'
[0.268s] Level 1:colcon.colcon_core.package_identification:_identify(.) by extensions ['python_setup_py']
[0.268s] Level 1:colcon.colcon_core.package_identification:_identify(.) by extension 'python_setup_py'
[0.268s] Level 1:colcon.colcon_core.package_identification:_identify(build) by extensions ['ignore', 'ignore_ament_install']
[0.268s] Level 1:colcon.colcon_core.package_identification:_identify(build) by extension 'ignore'
[0.268s] Level 1:colcon.colcon_core.package_identification:_identify(build) ignored
[0.268s] Level 1:colcon.colcon_core.package_identification:_identify(install) by extensions ['ignore', 'ignore_ament_install']
[0.268s] Level 1:colcon.colcon_core.package_identification:_identify(install) by extension 'ignore'
[0.268s] Level 1:colcon.colcon_core.package_identification:_identify(install) ignored
[0.268s] Level 1:colcon.colcon_core.package_identification:_identify(log) by extensions ['ignore', 'ignore_ament_install']
[0.268s] Level 1:colcon.colcon_core.package_identification:_identify(log) by extension 'ignore'
[0.268s] Level 1:colcon.colcon_core.package_identification:_identify(log) ignored
[0.268s] Level 1:colcon.colcon_core.package_identification:_identify(src) by extensions ['ignore', 'ignore_ament_install']
[0.268s] Level 1:colcon.colcon_core.package_identification:_identify(src) by extension 'ignore'
[0.268s] Level 1:colcon.colcon_core.package_identification:_identify(src) by extension 'ignore_ament_install'
[0.268s] Level 1:colcon.colcon_core.package_identification:_identify(src) by extensions ['colcon_pkg']
[0.268s] Level 1:colcon.colcon_core.package_identification:_identify(src) by extension 'colcon_pkg'
[0.268s] Level 1:colcon.colcon_core.package_identification:_identify(src) by extensions ['colcon_meta']
[0.268s] Level 1:colcon.colcon_core.package_identification:_identify(src) by extension 'colcon_meta'
[0.268s] Level 1:colcon.colcon_core.package_identification:_identify(src) by extensions ['ros']
[0.268s] Level 1:colcon.colcon_core.package_identification:_identify(src) by extension 'ros'
[0.268s] Level 1:colcon.colcon_core.package_identification:_identify(src) by extensions ['cmake', 'python']
[0.268s] Level 1:colcon.colcon_core.package_identification:_identify(src) by extension 'cmake'
[0.268s] Level 1:colcon.colcon_core.package_identification:_identify(src) by extension 'python'
[0.268s] Level 1:colcon.colcon_core.package_identification:_identify(src) by extensions ['python_setup_py']
[0.268s] Level 1:colcon.colcon_core.package_identification:_identify(src) by extension 'python_setup_py'
[0.269s] Level 1:colcon.colcon_core.package_identification:_identify(src/examples) by extensions ['ignore', 'ignore_ament_install']
[0.269s] Level 1:colcon.colcon_core.package_identification:_identify(src/examples) by extension 'ignore'
[0.269s] Level 1:colcon.colcon_core.package_identification:_identify(src/examples) by extension 'ignore_ament_install'
[0.269s] Level 1:colcon.colcon_core.package_identification:_identify(src/examples) by extensions ['colcon_pkg']
[0.269s] Level 1:colcon.colcon_core.package_identification:_identify(src/examples) by extension 'colcon_pkg'
[0.269s] Level 1:colcon.colcon_core.package_identification:_identify(src/examples) by extensions ['colcon_meta']
[0.269s] Level 1:colcon.colcon_core.package_identification:_identify(src/examples) by extension 'colcon_meta'
[0.269s] Level 1:colcon.colcon_core.package_identification:_identify(src/examples) by extensions ['ros']
[0.269s] Level 1:colcon.colcon_core.package_identification:_identify(src/examples) by extension 'ros'
[0.269s] Level 1:colcon.colcon_core.package_identification:_identify(src/examples) by extensions ['cmake', 'python']
[0.269s] Level 1:colcon.colcon_core.package_identification:_identify(src/examples) by extension 'cmake'
[0.269s] Level 1:colcon.colcon_core.package_identification:_identify(src/examples) by extension 'python'
[0.269s] Level 1:colcon.colcon_core.package_identification:_identify(src/examples) by extensions ['python_setup_py']
[0.269s] Level 1:colcon.colcon_core.package_identification:_identify(src/examples) by extension 'python_setup_py'
[0.269s] Level 1:colcon.colcon_core.package_identification:_identify(src/examples/sum) by extensions ['ignore', 'ignore_ament_install']
[0.269s] Level 1:colcon.colcon_core.package_identification:_identify(src/examples/sum) by extension 'ignore'
[0.269s] Level 1:colcon.colcon_core.package_identification:_identify(src/examples/sum) by extension 'ignore_ament_install'
[0.269s] Level 1:colcon.colcon_core.package_identification:_identify(src/examples/sum) by extensions ['colcon_pkg']
[0.269s] Level 1:colcon.colcon_core.package_identification:_identify(src/examples/sum) by extension 'colcon_pkg'
[0.269s] Level 1:colcon.colcon_core.package_identification:_identify(src/examples/sum) by extensions ['colcon_meta']
[0.269s] Level 1:colcon.colcon_core.package_identification:_identify(src/examples/sum) by extension 'colcon_meta'
[0.269s] Level 1:colcon.colcon_core.package_identification:_identify(src/examples/sum) by extensions ['ros']
[0.269s] Level 1:colcon.colcon_core.package_identification:_identify(src/examples/sum) by extension 'ros'
[0.271s] DEBUG:colcon.colcon_core.package_identification:Package 'src/examples/sum' with type 'ros.ament_cmake' and name 'examples_sum'
[0.271s] Level 1:colcon.colcon_core.package_identification:_identify(src/examples/topics) by extensions ['ignore', 'ignore_ament_install']
[0.271s] Level 1:colcon.colcon_core.package_identification:_identify(src/examples/topics) by extension 'ignore'
[0.271s] Level 1:colcon.colcon_core.package_identification:_identify(src/examples/topics) by extension 'ignore_ament_install'
[0.271s] Level 1:colcon.colcon_core.package_identification:_identify(src/examples/topics) by extensions ['colcon_pkg']
[0.271s] Level 1:colcon.colcon_core.package_identification:_identify(src/examples/topics) by extension 'colcon_pkg'
[0.271s] Level 1:colcon.colcon_core.package_identification:_identify(src/examples/topics) by extensions ['colcon_meta']
[0.271s] Level 1:colcon.colcon_core.package_identification:_identify(src/examples/topics) by extension 'colcon_meta'
[0.271s] Level 1:colcon.colcon_core.package_identification:_identify(src/examples/topics) by extensions ['ros']
[0.271s] Level 1:colcon.colcon_core.package_identification:_identify(src/examples/topics) by extension 'ros'
[0.271s] DEBUG:colcon.colcon_core.package_identification:Package 'src/examples/topics' with type 'ros.ament_cmake' and name 'examples_topics'
[0.271s] Level 1:colcon.colcon_core.package_discovery:discover_packages(recursive) using defaults
[0.272s] Level 1:colcon.colcon_core.package_discovery:discover_packages(ignore) discover
[0.272s] Level 1:colcon.colcon_core.package_discovery:discover_packages(ignore) using defaults
[0.272s] Level 1:colcon.colcon_core.package_discovery:discover_packages(path) discover
[0.272s] Level 1:colcon.colcon_core.package_discovery:discover_packages(path) using defaults
[0.284s] Level 1:colcon.colcon_core.package_discovery:discover_packages(prefix_path) check parameters
[0.284s] Level 1:colcon.colcon_core.package_discovery:discover_packages(prefix_path) discover
[0.285s] DEBUG:colcon.colcon_installed_package_information.package_discovery:Found 2 installed packages in /home/alvaro/Documents/GitHub/IR2117/ros2_ws/install
[0.286s] DEBUG:colcon.colcon_installed_package_information.package_discovery:Found 256 installed packages in /opt/ros/foxy
[0.288s] Level 1:colcon.colcon_core.package_discovery:discover_packages(prefix_path) using defaults
[0.328s] Level 5:colcon.colcon_core.verb:set package 'examples_sum' build argument 'cmake_args' from command line to 'None'
[0.328s] Level 5:colcon.colcon_core.verb:set package 'examples_sum' build argument 'cmake_target' from command line to 'None'
[0.328s] Level 5:colcon.colcon_core.verb:set package 'examples_sum' build argument 'cmake_target_skip_unavailable' from command line to 'False'
[0.328s] Level 5:colcon.colcon_core.verb:set package 'examples_sum' build argument 'cmake_clean_cache' from command line to 'False'
[0.328s] Level 5:colcon.colcon_core.verb:set package 'examples_sum' build argument 'cmake_clean_first' from command line to 'False'
[0.328s] Level 5:colcon.colcon_core.verb:set package 'examples_sum' build argument 'cmake_force_configure' from command line to 'False'
[0.328s] Level 5:colcon.colcon_core.verb:set package 'examples_sum' build argument 'ament_cmake_args' from command line to 'None'
[0.328s] Level 5:colcon.colcon_core.verb:set package 'examples_sum' build argument 'catkin_cmake_args' from command line to 'None'
[0.328s] Level 5:colcon.colcon_core.verb:set package 'examples_sum' build argument 'catkin_skip_building_tests' from command line to 'False'
[0.328s] DEBUG:colcon.colcon_core.verb:Building package 'examples_sum' with the following arguments: {'ament_cmake_args': None, 'build_base': '/home/alvaro/Documents/GitHub/IR2117/ros2_ws/build/examples_sum', 'catkin_cmake_args': None, 'catkin_skip_building_tests': False, 'cmake_args': None, 'cmake_clean_cache': False, 'cmake_clean_first': False, 'cmake_force_configure': False, 'cmake_target': None, 'cmake_target_skip_unavailable': False, 'install_base': '/home/alvaro/Documents/GitHub/IR2117/ros2_ws/install/examples_sum', 'merge_install': False, 'path': '/home/alvaro/Documents/GitHub/IR2117/ros2_ws/src/examples/sum', 'symlink_install': False, 'test_result_base': None}
[0.328s] Level 5:colcon.colcon_core.verb:set package 'examples_topics' build argument 'cmake_args' from command line to 'None'
[0.328s] Level 5:colcon.colcon_core.verb:set package 'examples_topics' build argument 'cmake_target' from command line to 'None'
[0.328s] Level 5:colcon.colcon_core.verb:set package 'examples_topics' build argument 'cmake_target_skip_unavailable' from command line to 'False'
[0.328s] Level 5:colcon.colcon_core.verb:set package 'examples_topics' build argument 'cmake_clean_cache' from command line to 'False'
[0.328s] Level 5:colcon.colcon_core.verb:set package 'examples_topics' build argument 'cmake_clean_first' from command line to 'False'
[0.328s] Level 5:colcon.colcon_core.verb:set package 'examples_topics' build argument 'cmake_force_configure' from command line to 'False'
[0.328s] Level 5:colcon.colcon_core.verb:set package 'examples_topics' build argument 'ament_cmake_args' from command line to 'None'
[0.328s] Level 5:colcon.colcon_core.verb:set package 'examples_topics' build argument 'catkin_cmake_args' from command line to 'None'
[0.329s] Level 5:colcon.colcon_core.verb:set package 'examples_topics' build argument 'catkin_skip_building_tests' from command line to 'False'
[0.329s] DEBUG:colcon.colcon_core.verb:Building package 'examples_topics' with the following arguments: {'ament_cmake_args': None, 'build_base': '/home/alvaro/Documents/GitHub/IR2117/ros2_ws/build/examples_topics', 'catkin_cmake_args': None, 'catkin_skip_building_tests': False, 'cmake_args': None, 'cmake_clean_cache': False, 'cmake_clean_first': False, 'cmake_force_configure': False, 'cmake_target': None, 'cmake_target_skip_unavailable': False, 'install_base': '/home/alvaro/Documents/GitHub/IR2117/ros2_ws/install/examples_topics', 'merge_install': False, 'path': '/home/alvaro/Documents/GitHub/IR2117/ros2_ws/src/examples/topics', 'symlink_install': False, 'test_result_base': None}
[0.329s] INFO:colcon.colcon_core.executor:Executing jobs using 'parallel' executor
[0.332s] DEBUG:colcon.colcon_parallel_executor.executor.parallel:run_until_complete
[0.332s] INFO:colcon.colcon_ros.task.ament_cmake.build:Building ROS package in '/home/alvaro/Documents/GitHub/IR2117/ros2_ws/src/examples/sum' with build type 'ament_cmake'
[0.332s] INFO:colcon.colcon_cmake.task.cmake.build:Building CMake package in '/home/alvaro/Documents/GitHub/IR2117/ros2_ws/src/examples/sum'
[0.335s] INFO:colcon.colcon_core.plugin_system:Skipping extension 'colcon_core.shell.bat': Not used on non-Windows systems
[0.335s] INFO:colcon.colcon_core.shell:Skip shell extension 'powershell' for command environment: Not usable outside of PowerShell
[0.335s] DEBUG:colcon.colcon_core.shell:Skip shell extension 'dsv' for command environment
[0.339s] INFO:colcon.colcon_ros.task.ament_cmake.build:Building ROS package in '/home/alvaro/Documents/GitHub/IR2117/ros2_ws/src/examples/topics' with build type 'ament_cmake'
[0.340s] INFO:colcon.colcon_cmake.task.cmake.build:Building CMake package in '/home/alvaro/Documents/GitHub/IR2117/ros2_ws/src/examples/topics'
[0.341s] INFO:colcon.colcon_core.shell:Skip shell extension 'powershell' for command environment: Not usable outside of PowerShell
[0.341s] DEBUG:colcon.colcon_core.shell:Skip shell extension 'dsv' for command environment
[0.356s] DEBUG:colcon.colcon_core.event_handler.log_command:Invoking command in '/home/alvaro/Documents/GitHub/IR2117/ros2_ws/build/examples_sum': CMAKE_PREFIX_PATH=${CMAKE_PREFIX_PATH}:/opt/ros/foxy /usr/bin/cmake --build /home/alvaro/Documents/GitHub/IR2117/ros2_ws/build/examples_sum -- -j8 -l8
[0.359s] DEBUG:colcon.colcon_core.event_handler.log_command:Invoking command in '/home/alvaro/Documents/GitHub/IR2117/ros2_ws/build/examples_topics': CMAKE_PREFIX_PATH=${CMAKE_PREFIX_PATH}:/opt/ros/foxy /usr/bin/cmake --build /home/alvaro/Documents/GitHub/IR2117/ros2_ws/build/examples_topics -- -j8 -l8
[0.409s] DEBUG:colcon.colcon_core.event_handler.log_command:Invoked command in '/home/alvaro/Documents/GitHub/IR2117/ros2_ws/build/examples_sum' returned '0': CMAKE_PREFIX_PATH=${CMAKE_PREFIX_PATH}:/opt/ros/foxy /usr/bin/cmake --build /home/alvaro/Documents/GitHub/IR2117/ros2_ws/build/examples_sum -- -j8 -l8
[0.415s] DEBUG:colcon.colcon_core.event_handler.log_command:Invoked command in '/home/alvaro/Documents/GitHub/IR2117/ros2_ws/build/examples_topics' returned '0': CMAKE_PREFIX_PATH=${CMAKE_PREFIX_PATH}:/opt/ros/foxy /usr/bin/cmake --build /home/alvaro/Documents/GitHub/IR2117/ros2_ws/build/examples_topics -- -j8 -l8
[0.437s] DEBUG:colcon.colcon_core.event_handler.log_command:Invoking command in '/home/alvaro/Documents/GitHub/IR2117/ros2_ws/build/examples_sum': CMAKE_PREFIX_PATH=${CMAKE_PREFIX_PATH}:/opt/ros/foxy /usr/bin/cmake --install /home/alvaro/Documents/GitHub/IR2117/ros2_ws/build/examples_sum
[0.440s] DEBUG:colcon.colcon_core.event_handler.log_command:Invoking command in '/home/alvaro/Documents/GitHub/IR2117/ros2_ws/build/examples_topics': CMAKE_PREFIX_PATH=${CMAKE_PREFIX_PATH}:/opt/ros/foxy /usr/bin/cmake --install /home/alvaro/Documents/GitHub/IR2117/ros2_ws/build/examples_topics
[0.447s] Level 1:colcon.colcon_core.environment:create_environment_scripts_only(examples_sum)
[0.449s] DEBUG:colcon.colcon_core.event_handler.log_command:Invoked command in '/home/alvaro/Documents/GitHub/IR2117/ros2_ws/build/examples_sum' returned '0': CMAKE_PREFIX_PATH=${CMAKE_PREFIX_PATH}:/opt/ros/foxy /usr/bin/cmake --install /home/alvaro/Documents/GitHub/IR2117/ros2_ws/build/examples_sum
[0.454s] Level 1:colcon.colcon_core.environment:checking '/home/alvaro/Documents/GitHub/IR2117/ros2_ws/install/examples_sum' for CMake module files
[0.454s] Level 1:colcon.colcon_core.environment:checking '/home/alvaro/Documents/GitHub/IR2117/ros2_ws/install/examples_sum' for CMake config files
[0.454s] Level 1:colcon.colcon_core.shell:create_environment_hook('examples_sum', 'cmake_prefix_path')
[0.455s] INFO:colcon.colcon_core.shell:Creating environment hook '/home/alvaro/Documents/GitHub/IR2117/ros2_ws/install/examples_sum/share/examples_sum/hook/cmake_prefix_path.ps1'
[0.455s] INFO:colcon.colcon_core.shell:Creating environment descriptor '/home/alvaro/Documents/GitHub/IR2117/ros2_ws/install/examples_sum/share/examples_sum/hook/cmake_prefix_path.dsv'
[0.456s] INFO:colcon.colcon_core.shell:Creating environment hook '/home/alvaro/Documents/GitHub/IR2117/ros2_ws/install/examples_sum/share/examples_sum/hook/cmake_prefix_path.sh'
[0.457s] Level 1:colcon.colcon_core.environment:checking '/home/alvaro/Documents/GitHub/IR2117/ros2_ws/install/examples_sum/lib'
[0.457s] Level 1:colcon.colcon_core.environment:checking '/home/alvaro/Documents/GitHub/IR2117/ros2_ws/install/examples_sum/bin'
[0.457s] Level 1:colcon.colcon_core.environment:checking '/home/alvaro/Documents/GitHub/IR2117/ros2_ws/install/examples_sum/lib/pkgconfig/examples_sum.pc'
[0.457s] Level 1:colcon.colcon_core.environment:checking '/home/alvaro/Documents/GitHub/IR2117/ros2_ws/install/examples_sum/lib/python3.8/site-packages'
[0.457s] Level 1:colcon.colcon_core.environment:checking '/home/alvaro/Documents/GitHub/IR2117/ros2_ws/install/examples_sum/bin'
[0.458s] INFO:colcon.colcon_core.shell:Creating package script '/home/alvaro/Documents/GitHub/IR2117/ros2_ws/install/examples_sum/share/examples_sum/package.ps1'
[0.459s] INFO:colcon.colcon_core.shell:Creating package descriptor '/home/alvaro/Documents/GitHub/IR2117/ros2_ws/install/examples_sum/share/examples_sum/package.dsv'
[0.459s] INFO:colcon.colcon_core.shell:Creating package script '/home/alvaro/Documents/GitHub/IR2117/ros2_ws/install/examples_sum/share/examples_sum/package.sh'
[0.460s] INFO:colcon.colcon_core.shell:Creating package script '/home/alvaro/Documents/GitHub/IR2117/ros2_ws/install/examples_sum/share/examples_sum/package.bash'
[0.460s] INFO:colcon.colcon_core.shell:Creating package script '/home/alvaro/Documents/GitHub/IR2117/ros2_ws/install/examples_sum/share/examples_sum/package.zsh'
[0.461s] Level 1:colcon.colcon_core.environment:create_file_with_runtime_dependencies(/home/alvaro/Documents/GitHub/IR2117/ros2_ws/install/examples_sum/share/colcon-core/packages/examples_sum)
[0.464s] Level 1:colcon.colcon_core.environment:create_environment_scripts_only(examples_topics)
[0.466s] Level 1:colcon.colcon_core.environment:checking '/home/alvaro/Documents/GitHub/IR2117/ros2_ws/install/examples_topics' for CMake module files
[0.467s] DEBUG:colcon.colcon_core.event_handler.log_command:Invoked command in '/home/alvaro/Documents/GitHub/IR2117/ros2_ws/build/examples_topics' returned '0': CMAKE_PREFIX_PATH=${CMAKE_PREFIX_PATH}:/opt/ros/foxy /usr/bin/cmake --install /home/alvaro/Documents/GitHub/IR2117/ros2_ws/build/examples_topics
[0.467s] Level 1:colcon.colcon_core.environment:checking '/home/alvaro/Documents/GitHub/IR2117/ros2_ws/install/examples_topics' for CMake config files
[0.467s] Level 1:colcon.colcon_core.shell:create_environment_hook('examples_topics', 'cmake_prefix_path')
[0.468s] INFO:colcon.colcon_core.shell:Creating environment hook '/home/alvaro/Documents/GitHub/IR2117/ros2_ws/install/examples_topics/share/examples_topics/hook/cmake_prefix_path.ps1'
[0.469s] INFO:colcon.colcon_core.shell:Creating environment descriptor '/home/alvaro/Documents/GitHub/IR2117/ros2_ws/install/examples_topics/share/examples_topics/hook/cmake_prefix_path.dsv'
[0.469s] INFO:colcon.colcon_core.shell:Creating environment hook '/home/alvaro/Documents/GitHub/IR2117/ros2_ws/install/examples_topics/share/examples_topics/hook/cmake_prefix_path.sh'
[0.469s] Level 1:colcon.colcon_core.environment:checking '/home/alvaro/Documents/GitHub/IR2117/ros2_ws/install/examples_topics/lib'
[0.470s] Level 1:colcon.colcon_core.environment:checking '/home/alvaro/Documents/GitHub/IR2117/ros2_ws/install/examples_topics/bin'
[0.470s] Level 1:colcon.colcon_core.environment:checking '/home/alvaro/Documents/GitHub/IR2117/ros2_ws/install/examples_topics/lib/pkgconfig/examples_topics.pc'
[0.470s] Level 1:colcon.colcon_core.environment:checking '/home/alvaro/Documents/GitHub/IR2117/ros2_ws/install/examples_topics/lib/python3.8/site-packages'
[0.470s] Level 1:colcon.colcon_core.environment:checking '/home/alvaro/Documents/GitHub/IR2117/ros2_ws/install/examples_topics/bin'
[0.471s] INFO:colcon.colcon_core.shell:Creating package script '/home/alvaro/Documents/GitHub/IR2117/ros2_ws/install/examples_topics/share/examples_topics/package.ps1'
[0.471s] INFO:colcon.colcon_core.shell:Creating package descriptor '/home/alvaro/Documents/GitHub/IR2117/ros2_ws/install/examples_topics/share/examples_topics/package.dsv'
[0.472s] INFO:colcon.colcon_core.shell:Creating package script '/home/alvaro/Documents/GitHub/IR2117/ros2_ws/install/examples_topics/share/examples_topics/package.sh'
[0.472s] INFO:colcon.colcon_core.shell:Creating package script '/home/alvaro/Documents/GitHub/IR2117/ros2_ws/install/examples_topics/share/examples_topics/package.bash'
[0.472s] INFO:colcon.colcon_core.shell:Creating package script '/home/alvaro/Documents/GitHub/IR2117/ros2_ws/install/examples_topics/share/examples_topics/package.zsh'
[0.472s] Level 1:colcon.colcon_core.environment:create_file_with_runtime_dependencies(/home/alvaro/Documents/GitHub/IR2117/ros2_ws/install/examples_topics/share/colcon-core/packages/examples_topics)
[0.482s] Level 1:colcon.colcon_core.environment:create_environment_scripts_only(examples_sum)
[0.483s] Level 1:colcon.colcon_core.environment:checking '/home/alvaro/Documents/GitHub/IR2117/ros2_ws/install/examples_sum' for CMake module files
[0.484s] Level 1:colcon.colcon_core.environment:checking '/home/alvaro/Documents/GitHub/IR2117/ros2_ws/install/examples_sum' for CMake config files
[0.484s] Level 1:colcon.colcon_core.shell:create_environment_hook('examples_sum', 'cmake_prefix_path')
[0.485s] INFO:colcon.colcon_core.shell:Creating environment hook '/home/alvaro/Documents/GitHub/IR2117/ros2_ws/install/examples_sum/share/examples_sum/hook/cmake_prefix_path.ps1'
[0.485s] INFO:colcon.colcon_core.shell:Creating environment descriptor '/home/alvaro/Documents/GitHub/IR2117/ros2_ws/install/examples_sum/share/examples_sum/hook/cmake_prefix_path.dsv'
[0.485s] INFO:colcon.colcon_core.shell:Creating environment hook '/home/alvaro/Documents/GitHub/IR2117/ros2_ws/install/examples_sum/share/examples_sum/hook/cmake_prefix_path.sh'
[0.486s] Level 1:colcon.colcon_core.environment:checking '/home/alvaro/Documents/GitHub/IR2117/ros2_ws/install/examples_sum/lib'
[0.486s] Level 1:colcon.colcon_core.environment:checking '/home/alvaro/Documents/GitHub/IR2117/ros2_ws/install/examples_sum/bin'
[0.486s] Level 1:colcon.colcon_core.environment:checking '/home/alvaro/Documents/GitHub/IR2117/ros2_ws/install/examples_sum/lib/pkgconfig/examples_sum.pc'
[0.486s] Level 1:colcon.colcon_core.environment:checking '/home/alvaro/Documents/GitHub/IR2117/ros2_ws/install/examples_sum/lib/python3.8/site-packages'
[0.486s] Level 1:colcon.colcon_core.environment:checking '/home/alvaro/Documents/GitHub/IR2117/ros2_ws/install/examples_sum/bin'
[0.487s] INFO:colcon.colcon_core.shell:Creating package script '/home/alvaro/Documents/GitHub/IR2117/ros2_ws/install/examples_sum/share/examples_sum/package.ps1'
[0.488s] INFO:colcon.colcon_core.shell:Creating package descriptor '/home/alvaro/Documents/GitHub/IR2117/ros2_ws/install/examples_sum/share/examples_sum/package.dsv'
[0.488s] INFO:colcon.colcon_core.shell:Creating package script '/home/alvaro/Documents/GitHub/IR2117/ros2_ws/install/examples_sum/share/examples_sum/package.sh'
[0.488s] INFO:colcon.colcon_core.shell:Creating package script '/home/alvaro/Documents/GitHub/IR2117/ros2_ws/install/examples_sum/share/examples_sum/package.bash'
[0.488s] INFO:colcon.colcon_core.shell:Creating package script '/home/alvaro/Documents/GitHub/IR2117/ros2_ws/install/examples_sum/share/examples_sum/package.zsh'
[0.489s] Level 1:colcon.colcon_core.environment:create_file_with_runtime_dependencies(/home/alvaro/Documents/GitHub/IR2117/ros2_ws/install/examples_sum/share/colcon-core/packages/examples_sum)
[0.494s] Level 1:colcon.colcon_core.environment:create_environment_scripts_only(examples_topics)
[0.495s] Level 1:colcon.colcon_core.environment:checking '/home/alvaro/Documents/GitHub/IR2117/ros2_ws/install/examples_topics' for CMake module files
[0.496s] Level 1:colcon.colcon_core.environment:checking '/home/alvaro/Documents/GitHub/IR2117/ros2_ws/install/examples_topics' for CMake config files
[0.496s] Level 1:colcon.colcon_core.shell:create_environment_hook('examples_topics', 'cmake_prefix_path')
[0.497s] INFO:colcon.colcon_core.shell:Creating environment hook '/home/alvaro/Documents/GitHub/IR2117/ros2_ws/install/examples_topics/share/examples_topics/hook/cmake_prefix_path.ps1'
[0.497s] INFO:colcon.colcon_core.shell:Creating environment descriptor '/home/alvaro/Documents/GitHub/IR2117/ros2_ws/install/examples_topics/share/examples_topics/hook/cmake_prefix_path.dsv'
[0.497s] INFO:colcon.colcon_core.shell:Creating environment hook '/home/alvaro/Documents/GitHub/IR2117/ros2_ws/install/examples_topics/share/examples_topics/hook/cmake_prefix_path.sh'
[0.497s] Level 1:colcon.colcon_core.environment:checking '/home/alvaro/Documents/GitHub/IR2117/ros2_ws/install/examples_topics/lib'
[0.497s] Level 1:colcon.colcon_core.environment:checking '/home/alvaro/Documents/GitHub/IR2117/ros2_ws/install/examples_topics/bin'
[0.497s] Level 1:colcon.colcon_core.environment:checking '/home/alvaro/Documents/GitHub/IR2117/ros2_ws/install/examples_topics/lib/pkgconfig/examples_topics.pc'
[0.498s] Level 1:colcon.colcon_core.environment:checking '/home/alvaro/Documents/GitHub/IR2117/ros2_ws/install/examples_topics/lib/python3.8/site-packages'
[0.498s] Level 1:colcon.colcon_core.environment:checking '/home/alvaro/Documents/GitHub/IR2117/ros2_ws/install/examples_topics/bin'
[0.499s] INFO:colcon.colcon_core.shell:Creating package script '/home/alvaro/Documents/GitHub/IR2117/ros2_ws/install/examples_topics/share/examples_topics/package.ps1'
[0.499s] INFO:colcon.colcon_core.shell:Creating package descriptor '/home/alvaro/Documents/GitHub/IR2117/ros2_ws/install/examples_topics/share/examples_topics/package.dsv'
[0.499s] INFO:colcon.colcon_core.shell:Creating package script '/home/alvaro/Documents/GitHub/IR2117/ros2_ws/install/examples_topics/share/examples_topics/package.sh'
[0.499s] INFO:colcon.colcon_core.shell:Creating package script '/home/alvaro/Documents/GitHub/IR2117/ros2_ws/install/examples_topics/share/examples_topics/package.bash'
[0.500s] INFO:colcon.colcon_core.shell:Creating package script '/home/alvaro/Documents/GitHub/IR2117/ros2_ws/install/examples_topics/share/examples_topics/package.zsh'
[0.500s] Level 1:colcon.colcon_core.environment:create_file_with_runtime_dependencies(/home/alvaro/Documents/GitHub/IR2117/ros2_ws/install/examples_topics/share/colcon-core/packages/examples_topics)
[0.500s] DEBUG:colcon.colcon_parallel_executor.executor.parallel:closing loop
[0.500s] DEBUG:colcon.colcon_parallel_executor.executor.parallel:loop closed
[0.501s] DEBUG:colcon.colcon_parallel_executor.executor.parallel:run_until_complete finished with '0'
[0.501s] DEBUG:colcon.colcon_core.event_reactor:joining thread
[0.505s] INFO:colcon.colcon_core.plugin_system:Skipping extension 'colcon_notification.desktop_notification.terminal_notifier': Not used on non-Darwin systems
[0.505s] INFO:colcon.colcon_core.plugin_system:Skipping extension 'colcon_notification.desktop_notification.win32': Not used on non-Windows systems
[0.505s] INFO:colcon.colcon_notification.desktop_notification:Sending desktop notification using 'notify2'
[0.516s] DEBUG:colcon.colcon_core.event_reactor:joined thread
[0.518s] INFO:colcon.colcon_core.shell:Creating prefix script '/home/alvaro/Documents/GitHub/IR2117/ros2_ws/install/local_setup.ps1'
[0.519s] INFO:colcon.colcon_core.shell:Creating prefix util module '/home/alvaro/Documents/GitHub/IR2117/ros2_ws/install/_local_setup_util_ps1.py'
[0.521s] INFO:colcon.colcon_core.shell:Creating prefix chain script '/home/alvaro/Documents/GitHub/IR2117/ros2_ws/install/setup.ps1'
[0.522s] INFO:colcon.colcon_core.shell:Creating prefix script '/home/alvaro/Documents/GitHub/IR2117/ros2_ws/install/local_setup.sh'
[0.522s] INFO:colcon.colcon_core.shell:Creating prefix util module '/home/alvaro/Documents/GitHub/IR2117/ros2_ws/install/_local_setup_util_sh.py'
[0.523s] INFO:colcon.colcon_core.shell:Creating prefix chain script '/home/alvaro/Documents/GitHub/IR2117/ros2_ws/install/setup.sh'
[0.524s] INFO:colcon.colcon_core.shell:Creating prefix script '/home/alvaro/Documents/GitHub/IR2117/ros2_ws/install/local_setup.bash'
[0.524s] INFO:colcon.colcon_core.shell:Creating prefix chain script '/home/alvaro/Documents/GitHub/IR2117/ros2_ws/install/setup.bash'
[0.526s] INFO:colcon.colcon_core.shell:Creating prefix script '/home/alvaro/Documents/GitHub/IR2117/ros2_ws/install/local_setup.zsh'
[0.526s] INFO:colcon.colcon_core.shell:Creating prefix chain script '/home/alvaro/Documents/GitHub/IR2117/ros2_ws/install/setup.zsh'
