[0.327s] DEBUG:colcon:Command line arguments: ['/usr/bin/colcon', 'build']
[0.327s] DEBUG:colcon:Parsed command line arguments: Namespace(allow_overriding=[], ament_cmake_args=None, base_paths=['.'], build_base='build', catkin_cmake_args=None, catkin_skip_building_tests=False, cmake_args=None, cmake_clean_cache=False, cmake_clean_first=False, cmake_force_configure=False, cmake_target=None, cmake_target_skip_unavailable=False, continue_on_error=False, event_handlers=None, executor='parallel', ignore_user_meta=False, install_base='install', log_base=None, log_level=None, main=<bound method BuildVerb.main of <colcon_core.verb.build.BuildVerb object at 0x7f02680c2a90>>, merge_install=False, metas=['./colcon.meta'], packages_above=None, packages_above_and_dependencies=None, packages_above_depth=None, packages_end=None, packages_ignore=None, packages_ignore_regex=None, packages_select=None, packages_select_build_failed=False, packages_select_by_dep=None, packages_select_regex=None, packages_select_test_failures=False, packages_skip=None, packages_skip_build_finished=False, packages_skip_by_dep=None, packages_skip_regex=None, packages_skip_test_passed=False, packages_skip_up_to=None, packages_start=None, packages_up_to=None, packages_up_to_regex=None, parallel_workers=8, paths=None, symlink_install=False, test_result_base=None, verb_extension=<colcon_core.verb.build.BuildVerb object at 0x7f02680c2a90>, verb_name='build', verb_parser=<colcon_defaults.argument_parser.defaults.DefaultArgumentsDecorator object at 0x7f02680cc040>)
[0.355s] Level 1:colcon.colcon_core.package_discovery:discover_packages(colcon_meta) check parameters
[0.355s] Level 1:colcon.colcon_core.package_discovery:discover_packages(recursive) check parameters
[0.355s] Level 1:colcon.colcon_core.package_discovery:discover_packages(ignore) check parameters
[0.355s] Level 1:colcon.colcon_core.package_discovery:discover_packages(path) check parameters
[0.355s] Level 1:colcon.colcon_core.package_discovery:discover_packages(colcon_meta) discover
[0.355s] Level 1:colcon.colcon_core.package_discovery:discover_packages(recursive) discover
[0.356s] INFO:colcon.colcon_core.package_discovery:Crawling recursively for packages in '/home/alvaro/Documents/GitHub/IR2117/tb3_ws'
[0.356s] Level 1:colcon.colcon_core.package_identification:_identify(.) by extensions ['ignore', 'ignore_ament_install']
[0.356s] Level 1:colcon.colcon_core.package_identification:_identify(.) by extension 'ignore'
[0.356s] Level 1:colcon.colcon_core.package_identification:_identify(.) by extension 'ignore_ament_install'
[0.356s] Level 1:colcon.colcon_core.package_identification:_identify(.) by extensions ['colcon_pkg']
[0.356s] Level 1:colcon.colcon_core.package_identification:_identify(.) by extension 'colcon_pkg'
[0.356s] Level 1:colcon.colcon_core.package_identification:_identify(.) by extensions ['colcon_meta']
[0.356s] Level 1:colcon.colcon_core.package_identification:_identify(.) by extension 'colcon_meta'
[0.356s] Level 1:colcon.colcon_core.package_identification:_identify(.) by extensions ['ros']
[0.356s] Level 1:colcon.colcon_core.package_identification:_identify(.) by extension 'ros'
[0.371s] Level 1:colcon.colcon_core.package_identification:_identify(.) by extensions ['cmake', 'python']
[0.371s] Level 1:colcon.colcon_core.package_identification:_identify(.) by extension 'cmake'
[0.371s] Level 1:colcon.colcon_core.package_identification:_identify(.) by extension 'python'
[0.371s] Level 1:colcon.colcon_core.package_identification:_identify(.) by extensions ['python_setup_py']
[0.371s] Level 1:colcon.colcon_core.package_identification:_identify(.) by extension 'python_setup_py'
[0.372s] Level 1:colcon.colcon_core.package_identification:_identify(build) by extensions ['ignore', 'ignore_ament_install']
[0.372s] Level 1:colcon.colcon_core.package_identification:_identify(build) by extension 'ignore'
[0.372s] Level 1:colcon.colcon_core.package_identification:_identify(build) ignored
[0.372s] Level 1:colcon.colcon_core.package_identification:_identify(install) by extensions ['ignore', 'ignore_ament_install']
[0.372s] Level 1:colcon.colcon_core.package_identification:_identify(install) by extension 'ignore'
[0.372s] Level 1:colcon.colcon_core.package_identification:_identify(install) ignored
[0.372s] Level 1:colcon.colcon_core.package_identification:_identify(log) by extensions ['ignore', 'ignore_ament_install']
[0.372s] Level 1:colcon.colcon_core.package_identification:_identify(log) by extension 'ignore'
[0.372s] Level 1:colcon.colcon_core.package_identification:_identify(log) ignored
[0.372s] Level 1:colcon.colcon_core.package_identification:_identify(rosbag2_2023_03_28-11_59_49) by extensions ['ignore', 'ignore_ament_install']
[0.372s] Level 1:colcon.colcon_core.package_identification:_identify(rosbag2_2023_03_28-11_59_49) by extension 'ignore'
[0.372s] Level 1:colcon.colcon_core.package_identification:_identify(rosbag2_2023_03_28-11_59_49) by extension 'ignore_ament_install'
[0.372s] Level 1:colcon.colcon_core.package_identification:_identify(rosbag2_2023_03_28-11_59_49) by extensions ['colcon_pkg']
[0.372s] Level 1:colcon.colcon_core.package_identification:_identify(rosbag2_2023_03_28-11_59_49) by extension 'colcon_pkg'
[0.372s] Level 1:colcon.colcon_core.package_identification:_identify(rosbag2_2023_03_28-11_59_49) by extensions ['colcon_meta']
[0.372s] Level 1:colcon.colcon_core.package_identification:_identify(rosbag2_2023_03_28-11_59_49) by extension 'colcon_meta'
[0.372s] Level 1:colcon.colcon_core.package_identification:_identify(rosbag2_2023_03_28-11_59_49) by extensions ['ros']
[0.372s] Level 1:colcon.colcon_core.package_identification:_identify(rosbag2_2023_03_28-11_59_49) by extension 'ros'
[0.372s] Level 1:colcon.colcon_core.package_identification:_identify(rosbag2_2023_03_28-11_59_49) by extensions ['cmake', 'python']
[0.372s] Level 1:colcon.colcon_core.package_identification:_identify(rosbag2_2023_03_28-11_59_49) by extension 'cmake'
[0.372s] Level 1:colcon.colcon_core.package_identification:_identify(rosbag2_2023_03_28-11_59_49) by extension 'python'
[0.372s] Level 1:colcon.colcon_core.package_identification:_identify(rosbag2_2023_03_28-11_59_49) by extensions ['python_setup_py']
[0.372s] Level 1:colcon.colcon_core.package_identification:_identify(rosbag2_2023_03_28-11_59_49) by extension 'python_setup_py'
[0.372s] Level 1:colcon.colcon_core.package_identification:_identify(src) by extensions ['ignore', 'ignore_ament_install']
[0.373s] Level 1:colcon.colcon_core.package_identification:_identify(src) by extension 'ignore'
[0.373s] Level 1:colcon.colcon_core.package_identification:_identify(src) by extension 'ignore_ament_install'
[0.373s] Level 1:colcon.colcon_core.package_identification:_identify(src) by extensions ['colcon_pkg']
[0.373s] Level 1:colcon.colcon_core.package_identification:_identify(src) by extension 'colcon_pkg'
[0.373s] Level 1:colcon.colcon_core.package_identification:_identify(src) by extensions ['colcon_meta']
[0.373s] Level 1:colcon.colcon_core.package_identification:_identify(src) by extension 'colcon_meta'
[0.373s] Level 1:colcon.colcon_core.package_identification:_identify(src) by extensions ['ros']
[0.373s] Level 1:colcon.colcon_core.package_identification:_identify(src) by extension 'ros'
[0.373s] Level 1:colcon.colcon_core.package_identification:_identify(src) by extensions ['cmake', 'python']
[0.373s] Level 1:colcon.colcon_core.package_identification:_identify(src) by extension 'cmake'
[0.373s] Level 1:colcon.colcon_core.package_identification:_identify(src) by extension 'python'
[0.373s] Level 1:colcon.colcon_core.package_identification:_identify(src) by extensions ['python_setup_py']
[0.373s] Level 1:colcon.colcon_core.package_identification:_identify(src) by extension 'python_setup_py'
[0.373s] Level 1:colcon.colcon_core.package_identification:_identify(src/obstacles) by extensions ['ignore', 'ignore_ament_install']
[0.373s] Level 1:colcon.colcon_core.package_identification:_identify(src/obstacles) by extension 'ignore'
[0.373s] Level 1:colcon.colcon_core.package_identification:_identify(src/obstacles) by extension 'ignore_ament_install'
[0.373s] Level 1:colcon.colcon_core.package_identification:_identify(src/obstacles) by extensions ['colcon_pkg']
[0.373s] Level 1:colcon.colcon_core.package_identification:_identify(src/obstacles) by extension 'colcon_pkg'
[0.373s] Level 1:colcon.colcon_core.package_identification:_identify(src/obstacles) by extensions ['colcon_meta']
[0.373s] Level 1:colcon.colcon_core.package_identification:_identify(src/obstacles) by extension 'colcon_meta'
[0.373s] Level 1:colcon.colcon_core.package_identification:_identify(src/obstacles) by extensions ['ros']
[0.373s] Level 1:colcon.colcon_core.package_identification:_identify(src/obstacles) by extension 'ros'
[0.375s] DEBUG:colcon.colcon_core.package_identification:Package 'src/obstacles' with type 'ros.ament_cmake' and name 'obstacles'
[0.375s] Level 1:colcon.colcon_core.package_identification:_identify(src/robot_trajectory) by extensions ['ignore', 'ignore_ament_install']
[0.375s] Level 1:colcon.colcon_core.package_identification:_identify(src/robot_trajectory) by extension 'ignore'
[0.376s] Level 1:colcon.colcon_core.package_identification:_identify(src/robot_trajectory) by extension 'ignore_ament_install'
[0.376s] Level 1:colcon.colcon_core.package_identification:_identify(src/robot_trajectory) by extensions ['colcon_pkg']
[0.376s] Level 1:colcon.colcon_core.package_identification:_identify(src/robot_trajectory) by extension 'colcon_pkg'
[0.376s] Level 1:colcon.colcon_core.package_identification:_identify(src/robot_trajectory) by extensions ['colcon_meta']
[0.376s] Level 1:colcon.colcon_core.package_identification:_identify(src/robot_trajectory) by extension 'colcon_meta'
[0.376s] Level 1:colcon.colcon_core.package_identification:_identify(src/robot_trajectory) by extensions ['ros']
[0.376s] Level 1:colcon.colcon_core.package_identification:_identify(src/robot_trajectory) by extension 'ros'
[0.376s] DEBUG:colcon.colcon_core.package_identification:Package 'src/robot_trajectory' with type 'ros.ament_cmake' and name 'robot_trajectory'
[0.376s] Level 1:colcon.colcon_core.package_discovery:discover_packages(recursive) using defaults
[0.376s] Level 1:colcon.colcon_core.package_discovery:discover_packages(ignore) discover
[0.376s] Level 1:colcon.colcon_core.package_discovery:discover_packages(ignore) using defaults
[0.376s] Level 1:colcon.colcon_core.package_discovery:discover_packages(path) discover
[0.376s] Level 1:colcon.colcon_core.package_discovery:discover_packages(path) using defaults
[0.393s] Level 1:colcon.colcon_core.package_discovery:discover_packages(prefix_path) check parameters
[0.393s] Level 1:colcon.colcon_core.package_discovery:discover_packages(prefix_path) discover
[0.395s] DEBUG:colcon.colcon_installed_package_information.package_discovery:Found 2 installed packages in /home/alvaro/Documents/GitHub/IR2117/tb3_ws/install
[0.396s] DEBUG:colcon.colcon_installed_package_information.package_discovery:Found 316 installed packages in /opt/ros/foxy
[0.398s] Level 1:colcon.colcon_core.package_discovery:discover_packages(prefix_path) using defaults
[0.453s] Level 5:colcon.colcon_core.verb:set package 'obstacles' build argument 'cmake_args' from command line to 'None'
[0.453s] Level 5:colcon.colcon_core.verb:set package 'obstacles' build argument 'cmake_target' from command line to 'None'
[0.453s] Level 5:colcon.colcon_core.verb:set package 'obstacles' build argument 'cmake_target_skip_unavailable' from command line to 'False'
[0.453s] Level 5:colcon.colcon_core.verb:set package 'obstacles' build argument 'cmake_clean_cache' from command line to 'False'
[0.453s] Level 5:colcon.colcon_core.verb:set package 'obstacles' build argument 'cmake_clean_first' from command line to 'False'
[0.453s] Level 5:colcon.colcon_core.verb:set package 'obstacles' build argument 'cmake_force_configure' from command line to 'False'
[0.453s] Level 5:colcon.colcon_core.verb:set package 'obstacles' build argument 'ament_cmake_args' from command line to 'None'
[0.453s] Level 5:colcon.colcon_core.verb:set package 'obstacles' build argument 'catkin_cmake_args' from command line to 'None'
[0.453s] Level 5:colcon.colcon_core.verb:set package 'obstacles' build argument 'catkin_skip_building_tests' from command line to 'False'
[0.453s] DEBUG:colcon.colcon_core.verb:Building package 'obstacles' with the following arguments: {'ament_cmake_args': None, 'build_base': '/home/alvaro/Documents/GitHub/IR2117/tb3_ws/build/obstacles', 'catkin_cmake_args': None, 'catkin_skip_building_tests': False, 'cmake_args': None, 'cmake_clean_cache': False, 'cmake_clean_first': False, 'cmake_force_configure': False, 'cmake_target': None, 'cmake_target_skip_unavailable': False, 'install_base': '/home/alvaro/Documents/GitHub/IR2117/tb3_ws/install/obstacles', 'merge_install': False, 'path': '/home/alvaro/Documents/GitHub/IR2117/tb3_ws/src/obstacles', 'symlink_install': False, 'test_result_base': None}
[0.454s] Level 5:colcon.colcon_core.verb:set package 'robot_trajectory' build argument 'cmake_args' from command line to 'None'
[0.454s] Level 5:colcon.colcon_core.verb:set package 'robot_trajectory' build argument 'cmake_target' from command line to 'None'
[0.454s] Level 5:colcon.colcon_core.verb:set package 'robot_trajectory' build argument 'cmake_target_skip_unavailable' from command line to 'False'
[0.454s] Level 5:colcon.colcon_core.verb:set package 'robot_trajectory' build argument 'cmake_clean_cache' from command line to 'False'
[0.454s] Level 5:colcon.colcon_core.verb:set package 'robot_trajectory' build argument 'cmake_clean_first' from command line to 'False'
[0.454s] Level 5:colcon.colcon_core.verb:set package 'robot_trajectory' build argument 'cmake_force_configure' from command line to 'False'
[0.454s] Level 5:colcon.colcon_core.verb:set package 'robot_trajectory' build argument 'ament_cmake_args' from command line to 'None'
[0.454s] Level 5:colcon.colcon_core.verb:set package 'robot_trajectory' build argument 'catkin_cmake_args' from command line to 'None'
[0.454s] Level 5:colcon.colcon_core.verb:set package 'robot_trajectory' build argument 'catkin_skip_building_tests' from command line to 'False'
[0.454s] DEBUG:colcon.colcon_core.verb:Building package 'robot_trajectory' with the following arguments: {'ament_cmake_args': None, 'build_base': '/home/alvaro/Documents/GitHub/IR2117/tb3_ws/build/robot_trajectory', 'catkin_cmake_args': None, 'catkin_skip_building_tests': False, 'cmake_args': None, 'cmake_clean_cache': False, 'cmake_clean_first': False, 'cmake_force_configure': False, 'cmake_target': None, 'cmake_target_skip_unavailable': False, 'install_base': '/home/alvaro/Documents/GitHub/IR2117/tb3_ws/install/robot_trajectory', 'merge_install': False, 'path': '/home/alvaro/Documents/GitHub/IR2117/tb3_ws/src/robot_trajectory', 'symlink_install': False, 'test_result_base': None}
[0.454s] INFO:colcon.colcon_core.executor:Executing jobs using 'parallel' executor
[0.457s] DEBUG:colcon.colcon_parallel_executor.executor.parallel:run_until_complete
[0.457s] INFO:colcon.colcon_ros.task.ament_cmake.build:Building ROS package in '/home/alvaro/Documents/GitHub/IR2117/tb3_ws/src/obstacles' with build type 'ament_cmake'
[0.457s] INFO:colcon.colcon_cmake.task.cmake.build:Building CMake package in '/home/alvaro/Documents/GitHub/IR2117/tb3_ws/src/obstacles'
[0.462s] INFO:colcon.colcon_core.plugin_system:Skipping extension 'colcon_core.shell.bat': Not used on non-Windows systems
[0.462s] INFO:colcon.colcon_core.shell:Skip shell extension 'powershell' for command environment: Not usable outside of PowerShell
[0.462s] DEBUG:colcon.colcon_core.shell:Skip shell extension 'dsv' for command environment
[0.467s] INFO:colcon.colcon_ros.task.ament_cmake.build:Building ROS package in '/home/alvaro/Documents/GitHub/IR2117/tb3_ws/src/robot_trajectory' with build type 'ament_cmake'
[0.467s] INFO:colcon.colcon_cmake.task.cmake.build:Building CMake package in '/home/alvaro/Documents/GitHub/IR2117/tb3_ws/src/robot_trajectory'
[0.468s] INFO:colcon.colcon_core.shell:Skip shell extension 'powershell' for command environment: Not usable outside of PowerShell
[0.468s] DEBUG:colcon.colcon_core.shell:Skip shell extension 'dsv' for command environment
[0.477s] DEBUG:colcon.colcon_core.event_handler.log_command:Invoking command in '/home/alvaro/Documents/GitHub/IR2117/tb3_ws/build/obstacles': CMAKE_PREFIX_PATH=${CMAKE_PREFIX_PATH}:/opt/ros/foxy /usr/bin/cmake --build /home/alvaro/Documents/GitHub/IR2117/tb3_ws/build/obstacles -- -j8 -l8
[0.487s] DEBUG:colcon.colcon_core.event_handler.log_command:Invoking command in '/home/alvaro/Documents/GitHub/IR2117/tb3_ws/build/robot_trajectory': CMAKE_PREFIX_PATH=${CMAKE_PREFIX_PATH}:/opt/ros/foxy /usr/bin/cmake --build /home/alvaro/Documents/GitHub/IR2117/tb3_ws/build/robot_trajectory -- -j8 -l8
[0.578s] DEBUG:colcon.colcon_core.event_handler.log_command:Invoked command in '/home/alvaro/Documents/GitHub/IR2117/tb3_ws/build/obstacles' returned '0': CMAKE_PREFIX_PATH=${CMAKE_PREFIX_PATH}:/opt/ros/foxy /usr/bin/cmake --build /home/alvaro/Documents/GitHub/IR2117/tb3_ws/build/obstacles -- -j8 -l8
[0.582s] DEBUG:colcon.colcon_core.event_handler.log_command:Invoked command in '/home/alvaro/Documents/GitHub/IR2117/tb3_ws/build/robot_trajectory' returned '0': CMAKE_PREFIX_PATH=${CMAKE_PREFIX_PATH}:/opt/ros/foxy /usr/bin/cmake --build /home/alvaro/Documents/GitHub/IR2117/tb3_ws/build/robot_trajectory -- -j8 -l8
[0.608s] DEBUG:colcon.colcon_core.event_handler.log_command:Invoking command in '/home/alvaro/Documents/GitHub/IR2117/tb3_ws/build/obstacles': CMAKE_PREFIX_PATH=${CMAKE_PREFIX_PATH}:/opt/ros/foxy /usr/bin/cmake --install /home/alvaro/Documents/GitHub/IR2117/tb3_ws/build/obstacles
[0.612s] DEBUG:colcon.colcon_core.event_handler.log_command:Invoking command in '/home/alvaro/Documents/GitHub/IR2117/tb3_ws/build/robot_trajectory': CMAKE_PREFIX_PATH=${CMAKE_PREFIX_PATH}:/opt/ros/foxy /usr/bin/cmake --install /home/alvaro/Documents/GitHub/IR2117/tb3_ws/build/robot_trajectory
[0.619s] Level 1:colcon.colcon_core.environment:create_environment_scripts_only(obstacles)
[0.620s] DEBUG:colcon.colcon_core.event_handler.log_command:Invoked command in '/home/alvaro/Documents/GitHub/IR2117/tb3_ws/build/obstacles' returned '0': CMAKE_PREFIX_PATH=${CMAKE_PREFIX_PATH}:/opt/ros/foxy /usr/bin/cmake --install /home/alvaro/Documents/GitHub/IR2117/tb3_ws/build/obstacles
[0.627s] Level 1:colcon.colcon_core.environment:checking '/home/alvaro/Documents/GitHub/IR2117/tb3_ws/install/obstacles' for CMake module files
[0.628s] Level 1:colcon.colcon_core.environment:checking '/home/alvaro/Documents/GitHub/IR2117/tb3_ws/install/obstacles' for CMake config files
[0.628s] Level 1:colcon.colcon_core.shell:create_environment_hook('obstacles', 'cmake_prefix_path')
[0.629s] INFO:colcon.colcon_core.shell:Creating environment hook '/home/alvaro/Documents/GitHub/IR2117/tb3_ws/install/obstacles/share/obstacles/hook/cmake_prefix_path.ps1'
[0.629s] INFO:colcon.colcon_core.shell:Creating environment descriptor '/home/alvaro/Documents/GitHub/IR2117/tb3_ws/install/obstacles/share/obstacles/hook/cmake_prefix_path.dsv'
[0.630s] INFO:colcon.colcon_core.shell:Creating environment hook '/home/alvaro/Documents/GitHub/IR2117/tb3_ws/install/obstacles/share/obstacles/hook/cmake_prefix_path.sh'
[0.630s] Level 1:colcon.colcon_core.environment:checking '/home/alvaro/Documents/GitHub/IR2117/tb3_ws/install/obstacles/lib'
[0.631s] Level 1:colcon.colcon_core.environment:checking '/home/alvaro/Documents/GitHub/IR2117/tb3_ws/install/obstacles/bin'
[0.631s] Level 1:colcon.colcon_core.environment:checking '/home/alvaro/Documents/GitHub/IR2117/tb3_ws/install/obstacles/lib/pkgconfig/obstacles.pc'
[0.631s] Level 1:colcon.colcon_core.environment:checking '/home/alvaro/Documents/GitHub/IR2117/tb3_ws/install/obstacles/lib/python3.8/site-packages'
[0.631s] Level 1:colcon.colcon_core.environment:checking '/home/alvaro/Documents/GitHub/IR2117/tb3_ws/install/obstacles/bin'
[0.632s] INFO:colcon.colcon_core.shell:Creating package script '/home/alvaro/Documents/GitHub/IR2117/tb3_ws/install/obstacles/share/obstacles/package.ps1'
[0.632s] INFO:colcon.colcon_core.shell:Creating package descriptor '/home/alvaro/Documents/GitHub/IR2117/tb3_ws/install/obstacles/share/obstacles/package.dsv'
[0.633s] INFO:colcon.colcon_core.shell:Creating package script '/home/alvaro/Documents/GitHub/IR2117/tb3_ws/install/obstacles/share/obstacles/package.sh'
[0.633s] INFO:colcon.colcon_core.shell:Creating package script '/home/alvaro/Documents/GitHub/IR2117/tb3_ws/install/obstacles/share/obstacles/package.bash'
[0.634s] INFO:colcon.colcon_core.shell:Creating package script '/home/alvaro/Documents/GitHub/IR2117/tb3_ws/install/obstacles/share/obstacles/package.zsh'
[0.634s] Level 1:colcon.colcon_core.environment:create_file_with_runtime_dependencies(/home/alvaro/Documents/GitHub/IR2117/tb3_ws/install/obstacles/share/colcon-core/packages/obstacles)
[0.638s] Level 1:colcon.colcon_core.environment:create_environment_scripts_only(robot_trajectory)
[0.639s] Level 1:colcon.colcon_core.environment:checking '/home/alvaro/Documents/GitHub/IR2117/tb3_ws/install/robot_trajectory' for CMake module files
[0.640s] DEBUG:colcon.colcon_core.event_handler.log_command:Invoked command in '/home/alvaro/Documents/GitHub/IR2117/tb3_ws/build/robot_trajectory' returned '0': CMAKE_PREFIX_PATH=${CMAKE_PREFIX_PATH}:/opt/ros/foxy /usr/bin/cmake --install /home/alvaro/Documents/GitHub/IR2117/tb3_ws/build/robot_trajectory
[0.640s] Level 1:colcon.colcon_core.environment:checking '/home/alvaro/Documents/GitHub/IR2117/tb3_ws/install/robot_trajectory' for CMake config files
[0.640s] Level 1:colcon.colcon_core.shell:create_environment_hook('robot_trajectory', 'cmake_prefix_path')
[0.641s] INFO:colcon.colcon_core.shell:Creating environment hook '/home/alvaro/Documents/GitHub/IR2117/tb3_ws/install/robot_trajectory/share/robot_trajectory/hook/cmake_prefix_path.ps1'
[0.642s] INFO:colcon.colcon_core.shell:Creating environment descriptor '/home/alvaro/Documents/GitHub/IR2117/tb3_ws/install/robot_trajectory/share/robot_trajectory/hook/cmake_prefix_path.dsv'
[0.642s] INFO:colcon.colcon_core.shell:Creating environment hook '/home/alvaro/Documents/GitHub/IR2117/tb3_ws/install/robot_trajectory/share/robot_trajectory/hook/cmake_prefix_path.sh'
[0.642s] Level 1:colcon.colcon_core.environment:checking '/home/alvaro/Documents/GitHub/IR2117/tb3_ws/install/robot_trajectory/lib'
[0.642s] Level 1:colcon.colcon_core.environment:checking '/home/alvaro/Documents/GitHub/IR2117/tb3_ws/install/robot_trajectory/bin'
[0.642s] Level 1:colcon.colcon_core.environment:checking '/home/alvaro/Documents/GitHub/IR2117/tb3_ws/install/robot_trajectory/lib/pkgconfig/robot_trajectory.pc'
[0.643s] Level 1:colcon.colcon_core.environment:checking '/home/alvaro/Documents/GitHub/IR2117/tb3_ws/install/robot_trajectory/lib/python3.8/site-packages'
[0.643s] Level 1:colcon.colcon_core.environment:checking '/home/alvaro/Documents/GitHub/IR2117/tb3_ws/install/robot_trajectory/bin'
[0.644s] INFO:colcon.colcon_core.shell:Creating package script '/home/alvaro/Documents/GitHub/IR2117/tb3_ws/install/robot_trajectory/share/robot_trajectory/package.ps1'
[0.644s] INFO:colcon.colcon_core.shell:Creating package descriptor '/home/alvaro/Documents/GitHub/IR2117/tb3_ws/install/robot_trajectory/share/robot_trajectory/package.dsv'
[0.644s] INFO:colcon.colcon_core.shell:Creating package script '/home/alvaro/Documents/GitHub/IR2117/tb3_ws/install/robot_trajectory/share/robot_trajectory/package.sh'
[0.645s] INFO:colcon.colcon_core.shell:Creating package script '/home/alvaro/Documents/GitHub/IR2117/tb3_ws/install/robot_trajectory/share/robot_trajectory/package.bash'
[0.645s] INFO:colcon.colcon_core.shell:Creating package script '/home/alvaro/Documents/GitHub/IR2117/tb3_ws/install/robot_trajectory/share/robot_trajectory/package.zsh'
[0.645s] Level 1:colcon.colcon_core.environment:create_file_with_runtime_dependencies(/home/alvaro/Documents/GitHub/IR2117/tb3_ws/install/robot_trajectory/share/colcon-core/packages/robot_trajectory)
[0.655s] Level 1:colcon.colcon_core.environment:create_environment_scripts_only(obstacles)
[0.657s] Level 1:colcon.colcon_core.environment:checking '/home/alvaro/Documents/GitHub/IR2117/tb3_ws/install/obstacles' for CMake module files
[0.657s] Level 1:colcon.colcon_core.environment:checking '/home/alvaro/Documents/GitHub/IR2117/tb3_ws/install/obstacles' for CMake config files
[0.657s] Level 1:colcon.colcon_core.shell:create_environment_hook('obstacles', 'cmake_prefix_path')
[0.659s] INFO:colcon.colcon_core.shell:Creating environment hook '/home/alvaro/Documents/GitHub/IR2117/tb3_ws/install/obstacles/share/obstacles/hook/cmake_prefix_path.ps1'
[0.659s] INFO:colcon.colcon_core.shell:Creating environment descriptor '/home/alvaro/Documents/GitHub/IR2117/tb3_ws/install/obstacles/share/obstacles/hook/cmake_prefix_path.dsv'
[0.659s] INFO:colcon.colcon_core.shell:Creating environment hook '/home/alvaro/Documents/GitHub/IR2117/tb3_ws/install/obstacles/share/obstacles/hook/cmake_prefix_path.sh'
[0.660s] Level 1:colcon.colcon_core.environment:checking '/home/alvaro/Documents/GitHub/IR2117/tb3_ws/install/obstacles/lib'
[0.660s] Level 1:colcon.colcon_core.environment:checking '/home/alvaro/Documents/GitHub/IR2117/tb3_ws/install/obstacles/bin'
[0.660s] Level 1:colcon.colcon_core.environment:checking '/home/alvaro/Documents/GitHub/IR2117/tb3_ws/install/obstacles/lib/pkgconfig/obstacles.pc'
[0.660s] Level 1:colcon.colcon_core.environment:checking '/home/alvaro/Documents/GitHub/IR2117/tb3_ws/install/obstacles/lib/python3.8/site-packages'
[0.660s] Level 1:colcon.colcon_core.environment:checking '/home/alvaro/Documents/GitHub/IR2117/tb3_ws/install/obstacles/bin'
[0.661s] INFO:colcon.colcon_core.shell:Creating package script '/home/alvaro/Documents/GitHub/IR2117/tb3_ws/install/obstacles/share/obstacles/package.ps1'
[0.662s] INFO:colcon.colcon_core.shell:Creating package descriptor '/home/alvaro/Documents/GitHub/IR2117/tb3_ws/install/obstacles/share/obstacles/package.dsv'
[0.662s] INFO:colcon.colcon_core.shell:Creating package script '/home/alvaro/Documents/GitHub/IR2117/tb3_ws/install/obstacles/share/obstacles/package.sh'
[0.662s] INFO:colcon.colcon_core.shell:Creating package script '/home/alvaro/Documents/GitHub/IR2117/tb3_ws/install/obstacles/share/obstacles/package.bash'
[0.662s] INFO:colcon.colcon_core.shell:Creating package script '/home/alvaro/Documents/GitHub/IR2117/tb3_ws/install/obstacles/share/obstacles/package.zsh'
[0.663s] Level 1:colcon.colcon_core.environment:create_file_with_runtime_dependencies(/home/alvaro/Documents/GitHub/IR2117/tb3_ws/install/obstacles/share/colcon-core/packages/obstacles)
[0.667s] Level 1:colcon.colcon_core.environment:create_environment_scripts_only(robot_trajectory)
[0.668s] Level 1:colcon.colcon_core.environment:checking '/home/alvaro/Documents/GitHub/IR2117/tb3_ws/install/robot_trajectory' for CMake module files
[0.669s] Level 1:colcon.colcon_core.environment:checking '/home/alvaro/Documents/GitHub/IR2117/tb3_ws/install/robot_trajectory' for CMake config files
[0.669s] Level 1:colcon.colcon_core.shell:create_environment_hook('robot_trajectory', 'cmake_prefix_path')
[0.670s] INFO:colcon.colcon_core.shell:Creating environment hook '/home/alvaro/Documents/GitHub/IR2117/tb3_ws/install/robot_trajectory/share/robot_trajectory/hook/cmake_prefix_path.ps1'
[0.670s] INFO:colcon.colcon_core.shell:Creating environment descriptor '/home/alvaro/Documents/GitHub/IR2117/tb3_ws/install/robot_trajectory/share/robot_trajectory/hook/cmake_prefix_path.dsv'
[0.670s] INFO:colcon.colcon_core.shell:Creating environment hook '/home/alvaro/Documents/GitHub/IR2117/tb3_ws/install/robot_trajectory/share/robot_trajectory/hook/cmake_prefix_path.sh'
[0.671s] Level 1:colcon.colcon_core.environment:checking '/home/alvaro/Documents/GitHub/IR2117/tb3_ws/install/robot_trajectory/lib'
[0.671s] Level 1:colcon.colcon_core.environment:checking '/home/alvaro/Documents/GitHub/IR2117/tb3_ws/install/robot_trajectory/bin'
[0.671s] Level 1:colcon.colcon_core.environment:checking '/home/alvaro/Documents/GitHub/IR2117/tb3_ws/install/robot_trajectory/lib/pkgconfig/robot_trajectory.pc'
[0.671s] Level 1:colcon.colcon_core.environment:checking '/home/alvaro/Documents/GitHub/IR2117/tb3_ws/install/robot_trajectory/lib/python3.8/site-packages'
[0.671s] Level 1:colcon.colcon_core.environment:checking '/home/alvaro/Documents/GitHub/IR2117/tb3_ws/install/robot_trajectory/bin'
[0.672s] INFO:colcon.colcon_core.shell:Creating package script '/home/alvaro/Documents/GitHub/IR2117/tb3_ws/install/robot_trajectory/share/robot_trajectory/package.ps1'
[0.672s] INFO:colcon.colcon_core.shell:Creating package descriptor '/home/alvaro/Documents/GitHub/IR2117/tb3_ws/install/robot_trajectory/share/robot_trajectory/package.dsv'
[0.672s] INFO:colcon.colcon_core.shell:Creating package script '/home/alvaro/Documents/GitHub/IR2117/tb3_ws/install/robot_trajectory/share/robot_trajectory/package.sh'
[0.673s] INFO:colcon.colcon_core.shell:Creating package script '/home/alvaro/Documents/GitHub/IR2117/tb3_ws/install/robot_trajectory/share/robot_trajectory/package.bash'
[0.673s] INFO:colcon.colcon_core.shell:Creating package script '/home/alvaro/Documents/GitHub/IR2117/tb3_ws/install/robot_trajectory/share/robot_trajectory/package.zsh'
[0.673s] Level 1:colcon.colcon_core.environment:create_file_with_runtime_dependencies(/home/alvaro/Documents/GitHub/IR2117/tb3_ws/install/robot_trajectory/share/colcon-core/packages/robot_trajectory)
[0.673s] DEBUG:colcon.colcon_parallel_executor.executor.parallel:closing loop
[0.674s] DEBUG:colcon.colcon_parallel_executor.executor.parallel:loop closed
[0.674s] DEBUG:colcon.colcon_parallel_executor.executor.parallel:run_until_complete finished with '0'
[0.674s] DEBUG:colcon.colcon_core.event_reactor:joining thread
[0.678s] INFO:colcon.colcon_core.plugin_system:Skipping extension 'colcon_notification.desktop_notification.terminal_notifier': Not used on non-Darwin systems
[0.678s] INFO:colcon.colcon_core.plugin_system:Skipping extension 'colcon_notification.desktop_notification.win32': Not used on non-Windows systems
[0.678s] INFO:colcon.colcon_notification.desktop_notification:Sending desktop notification using 'notify2'
[0.696s] DEBUG:colcon.colcon_core.event_reactor:joined thread
[0.698s] INFO:colcon.colcon_core.shell:Creating prefix script '/home/alvaro/Documents/GitHub/IR2117/tb3_ws/install/local_setup.ps1'
[0.700s] INFO:colcon.colcon_core.shell:Creating prefix util module '/home/alvaro/Documents/GitHub/IR2117/tb3_ws/install/_local_setup_util_ps1.py'
[0.702s] INFO:colcon.colcon_core.shell:Creating prefix chain script '/home/alvaro/Documents/GitHub/IR2117/tb3_ws/install/setup.ps1'
[0.704s] INFO:colcon.colcon_core.shell:Creating prefix script '/home/alvaro/Documents/GitHub/IR2117/tb3_ws/install/local_setup.sh'
[0.705s] INFO:colcon.colcon_core.shell:Creating prefix util module '/home/alvaro/Documents/GitHub/IR2117/tb3_ws/install/_local_setup_util_sh.py'
[0.705s] INFO:colcon.colcon_core.shell:Creating prefix chain script '/home/alvaro/Documents/GitHub/IR2117/tb3_ws/install/setup.sh'
[0.706s] INFO:colcon.colcon_core.shell:Creating prefix script '/home/alvaro/Documents/GitHub/IR2117/tb3_ws/install/local_setup.bash'
[0.707s] INFO:colcon.colcon_core.shell:Creating prefix chain script '/home/alvaro/Documents/GitHub/IR2117/tb3_ws/install/setup.bash'
[0.707s] INFO:colcon.colcon_core.shell:Creating prefix script '/home/alvaro/Documents/GitHub/IR2117/tb3_ws/install/local_setup.zsh'
[0.708s] INFO:colcon.colcon_core.shell:Creating prefix chain script '/home/alvaro/Documents/GitHub/IR2117/tb3_ws/install/setup.zsh'
